2025-12-11 09:18:09 [scrapy.utils.log] INFO: Scrapy 2.11.1 started (bot: hybrid_crawler)
2025-12-11 09:18:09 [scrapy.utils.log] INFO: Versions: lxml 5.2.1.0, libxml2 2.13.1, cssselect 1.2.0, parsel 1.8.1, w3lib 2.1.2, Twisted 23.10.0, Python 3.12.7 | packaged by Anaconda, Inc. | (main, Oct  4 2024, 08:22:19) [Clang 14.0.6 ], pyOpenSSL 25.1.0 (OpenSSL 3.0.16 11 Feb 2025), cryptography 43.0.0, Platform macOS-15.5-arm64-arm-64bit
2025-12-11 09:18:09 [scrapy.addons] INFO: Enabled addons:
[]
2025-12-11 09:18:09 [py.warnings] WARNING: /opt/anaconda3/lib/python3.12/site-packages/scrapy/utils/request.py:254: ScrapyDeprecationWarning: '2.6' is a deprecated value for the 'REQUEST_FINGERPRINTER_IMPLEMENTATION' setting.

It is also the default value. In other words, it is normal to get this warning if you have not defined a value for the 'REQUEST_FINGERPRINTER_IMPLEMENTATION' setting. This is so for backward compatibility reasons, but it will change in a future version of Scrapy.

See the documentation of the 'REQUEST_FINGERPRINTER_IMPLEMENTATION' setting for information on how to handle this deprecation.
  return cls(crawler)

2025-12-11 09:18:09 [scrapy.extensions.telnet] INFO: Telnet Password: f038f296b9347b85
2025-12-11 09:18:09 [scrapy.middleware] INFO: Enabled extensions:
['scrapy.extensions.corestats.CoreStats',
 'scrapy.extensions.telnet.TelnetConsole',
 'scrapy.extensions.memusage.MemoryUsage',
 'scrapy.extensions.logstats.LogStats']
2025-12-11 09:18:09 [scrapy.crawler] INFO: Overridden settings:
{'BOT_NAME': 'hybrid_crawler',
 'CONCURRENT_REQUESTS': 1,
 'DOWNLOAD_DELAY': 15,
 'LOG_LEVEL': 'INFO',
 'NEWSPIDER_MODULE': 'hybrid_crawler.spiders',
 'SPIDER_MODULES': ['hybrid_crawler.spiders'],
 'TWISTED_REACTOR': 'twisted.internet.asyncioreactor.AsyncioSelectorReactor'}
2025-12-11 09:18:09 [scrapy.middleware] INFO: Enabled downloader middlewares:
['hybrid_crawler.middlewares.StrategyRoutingMiddleware',
 'scrapy.downloadermiddlewares.httpauth.HttpAuthMiddleware',
 'scrapy.downloadermiddlewares.downloadtimeout.DownloadTimeoutMiddleware',
 'scrapy.downloadermiddlewares.defaultheaders.DefaultHeadersMiddleware',
 'scrapy.downloadermiddlewares.useragent.UserAgentMiddleware',
 'hybrid_crawler.middlewares.SmartRetryMiddleware',
 'scrapy.downloadermiddlewares.redirect.MetaRefreshMiddleware',
 'scrapy.downloadermiddlewares.httpcompression.HttpCompressionMiddleware',
 'scrapy.downloadermiddlewares.redirect.RedirectMiddleware',
 'scrapy.downloadermiddlewares.cookies.CookiesMiddleware',
 'scrapy.downloadermiddlewares.httpproxy.HttpProxyMiddleware',
 'scrapy.downloadermiddlewares.stats.DownloaderStats']
2025-12-11 09:18:09 [scrapy.middleware] INFO: Enabled spider middlewares:
['scrapy.spidermiddlewares.httperror.HttpErrorMiddleware',
 'scrapy.spidermiddlewares.offsite.OffsiteMiddleware',
 'scrapy.spidermiddlewares.referer.RefererMiddleware',
 'scrapy.spidermiddlewares.urllength.UrlLengthMiddleware',
 'scrapy.spidermiddlewares.depth.DepthMiddleware']
2025-12-11 09:18:09 [scrapy.middleware] INFO: Enabled item pipelines:
['hybrid_crawler.pipelines.DataCleaningPipeline',
 'hybrid_crawler.pipelines.NhsaDrugPipeline']
2025-12-11 09:18:09 [scrapy.core.engine] INFO: Spider opened
2025-12-11 09:18:09 [scrapy.extensions.logstats] INFO: Crawled 0 pages (at 0 pages/min), scraped 0 items (at 0 items/min)
2025-12-11 09:18:09 [scrapy.extensions.telnet] INFO: Telnet console listening on 127.0.0.1:6023
2025-12-11 09:18:09 [scrapy-playwright] INFO: Starting download handler
2025-12-11 09:18:09 [scrapy-playwright] INFO: Starting download handler
2025-12-11 09:18:15 [nhsa_drug_spider] INFO: 当前页: 1, 每页记录数: 1000, 总记录数: 265685, 总页数: 266
2025-12-11 09:18:15 [hybrid_crawler.pipelines] INFO: ✅ 成功批量写入 1 条数据
2025-12-11 09:18:17 [hybrid_crawler.pipelines] INFO: ✅ 成功批量写入 500 条数据
2025-12-11 09:18:27 [nhsa_drug_spider] INFO: 当前页: 266, 每页记录数: 685, 总记录数: 265685, 总页数: 266
2025-12-11 09:18:30 [hybrid_crawler.pipelines] INFO: ✅ 成功批量写入 500 条数据
2025-12-11 09:18:30 [hybrid_crawler.pipelines] INFO: ✅ 成功批量写入 500 条数据
2025-12-11 09:18:48 [nhsa_drug_spider] INFO: 当前页: 265, 每页记录数: 1000, 总记录数: 265685, 总页数: 266
2025-12-11 09:18:49 [hybrid_crawler.pipelines] INFO: ✅ 成功批量写入 185 条数据
2025-12-11 09:18:51 [hybrid_crawler.pipelines] INFO: ✅ 成功批量写入 500 条数据
2025-12-11 09:19:08 [nhsa_drug_spider] INFO: 当前页: 264, 每页记录数: 1000, 总记录数: 265685, 总页数: 266
2025-12-11 09:19:09 [scrapy.extensions.logstats] INFO: Crawled 4 pages (at 4 pages/min), scraped 3685 items (at 3685 items/min)
2025-12-11 09:19:11 [hybrid_crawler.pipelines] INFO: ✅ 成功批量写入 500 条数据
2025-12-11 09:19:11 [hybrid_crawler.pipelines] INFO: ✅ 成功批量写入 500 条数据
2025-12-11 09:19:23 [nhsa_drug_spider] INFO: 当前页: 263, 每页记录数: 1000, 总记录数: 265685, 总页数: 266
2025-12-11 09:19:25 [hybrid_crawler.pipelines] INFO: ✅ 成功批量写入 500 条数据
2025-12-11 09:19:25 [hybrid_crawler.pipelines] INFO: ✅ 成功批量写入 500 条数据
