2026-01-11 16:50:34,149 - check_all_spiders - INFO - 开始检查所有爬虫的缺失情况...
2026-01-11 16:50:34,149 - check_all_spiders - INFO - 
=== 检查fujian爬虫 ===
2026-01-11 16:50:34,149 - FujianRecrawler - INFO - 开始查找缺失数据...
2026-01-11 16:50:34,149 - FujianRecrawler - INFO - 从数据库获取drug_hospital_fujian_test表中的现有ext_code...
2026-01-11 16:50:35,115 - FujianRecrawler - INFO - 成功获取32838个现有ext_code
2026-01-11 16:50:35,115 - FujianRecrawler - INFO - 开始从福建API获取所有ext_code...
2026-01-11 16:50:35,115 - FujianRecrawler - INFO - 请求福建API第1页...
2026-01-11 16:50:39,764 - FujianRecrawler - INFO - 福建API第1/34页，获取1000条记录
2026-01-11 16:50:39,765 - FujianRecrawler - INFO - 请求福建API第2页...
2026-01-11 16:50:41,328 - FujianRecrawler - INFO - 福建API第2/34页，获取1000条记录
2026-01-11 16:50:41,328 - FujianRecrawler - INFO - 请求福建API第3页...
2026-01-11 16:50:42,675 - FujianRecrawler - INFO - 福建API第3/34页，获取1000条记录
2026-01-11 16:50:42,676 - FujianRecrawler - INFO - 请求福建API第4页...
2026-01-11 16:50:44,079 - FujianRecrawler - INFO - 福建API第4/34页，获取1000条记录
2026-01-11 16:50:44,080 - FujianRecrawler - INFO - 请求福建API第5页...
2026-01-11 16:50:45,570 - FujianRecrawler - INFO - 福建API第5/34页，获取1000条记录
2026-01-11 16:50:45,571 - FujianRecrawler - INFO - 请求福建API第6页...
2026-01-11 16:50:47,128 - FujianRecrawler - INFO - 福建API第6/34页，获取1000条记录
2026-01-11 16:50:47,128 - FujianRecrawler - INFO - 请求福建API第7页...
2026-01-11 16:50:49,201 - FujianRecrawler - INFO - 福建API第7/34页，获取1000条记录
2026-01-11 16:50:49,201 - FujianRecrawler - INFO - 请求福建API第8页...
2026-01-11 16:50:50,976 - FujianRecrawler - INFO - 福建API第8/34页，获取1000条记录
2026-01-11 16:50:50,977 - FujianRecrawler - INFO - 请求福建API第9页...
2026-01-11 16:50:52,597 - FujianRecrawler - INFO - 福建API第9/34页，获取1000条记录
2026-01-11 16:50:52,597 - FujianRecrawler - INFO - 请求福建API第10页...
2026-01-11 16:50:54,297 - FujianRecrawler - INFO - 福建API第10/34页，获取1000条记录
2026-01-11 16:50:54,298 - FujianRecrawler - INFO - 请求福建API第11页...
2026-01-11 16:50:56,136 - FujianRecrawler - INFO - 福建API第11/34页，获取1000条记录
2026-01-11 16:50:56,137 - FujianRecrawler - INFO - 请求福建API第12页...
2026-01-11 16:50:57,783 - FujianRecrawler - INFO - 福建API第12/34页，获取1000条记录
2026-01-11 16:50:57,784 - FujianRecrawler - INFO - 请求福建API第13页...
2026-01-11 16:50:59,543 - FujianRecrawler - INFO - 福建API第13/34页，获取1000条记录
2026-01-11 16:50:59,544 - FujianRecrawler - INFO - 请求福建API第14页...
2026-01-11 16:51:01,068 - FujianRecrawler - INFO - 福建API第14/34页，获取1000条记录
2026-01-11 16:51:01,069 - FujianRecrawler - INFO - 请求福建API第15页...
2026-01-11 16:51:02,531 - FujianRecrawler - INFO - 福建API第15/34页，获取1000条记录
2026-01-11 16:51:02,532 - FujianRecrawler - INFO - 请求福建API第16页...
2026-01-11 16:51:04,157 - FujianRecrawler - INFO - 福建API第16/34页，获取1000条记录
2026-01-11 16:51:04,157 - FujianRecrawler - INFO - 请求福建API第17页...
2026-01-11 16:51:05,766 - FujianRecrawler - INFO - 福建API第17/34页，获取1000条记录
2026-01-11 16:51:05,767 - FujianRecrawler - INFO - 请求福建API第18页...
2026-01-11 16:51:08,337 - FujianRecrawler - INFO - 福建API第18/34页，获取1000条记录
2026-01-11 16:51:08,338 - FujianRecrawler - INFO - 请求福建API第19页...
2026-01-11 16:51:10,215 - FujianRecrawler - INFO - 福建API第19/34页，获取1000条记录
2026-01-11 16:51:10,215 - FujianRecrawler - INFO - 请求福建API第20页...
2026-01-11 16:51:11,732 - FujianRecrawler - INFO - 福建API第20/34页，获取1000条记录
2026-01-11 16:51:11,733 - FujianRecrawler - INFO - 请求福建API第21页...
2026-01-11 16:51:13,625 - FujianRecrawler - INFO - 福建API第21/34页，获取1000条记录
2026-01-11 16:51:13,626 - FujianRecrawler - INFO - 请求福建API第22页...
2026-01-11 16:51:15,413 - FujianRecrawler - INFO - 福建API第22/34页，获取1000条记录
2026-01-11 16:51:15,414 - FujianRecrawler - INFO - 请求福建API第23页...
2026-01-11 16:51:17,343 - FujianRecrawler - INFO - 福建API第23/34页，获取1000条记录
2026-01-11 16:51:17,343 - FujianRecrawler - INFO - 请求福建API第24页...
2026-01-11 16:51:18,977 - FujianRecrawler - INFO - 福建API第24/34页，获取1000条记录
2026-01-11 16:51:18,978 - FujianRecrawler - INFO - 请求福建API第25页...
2026-01-11 16:51:20,566 - FujianRecrawler - INFO - 福建API第25/34页，获取1000条记录
2026-01-11 16:51:20,566 - FujianRecrawler - INFO - 请求福建API第26页...
2026-01-11 16:51:22,357 - FujianRecrawler - INFO - 福建API第26/34页，获取1000条记录
2026-01-11 16:51:22,357 - FujianRecrawler - INFO - 请求福建API第27页...
2026-01-11 16:51:24,187 - FujianRecrawler - INFO - 福建API第27/34页，获取1000条记录
2026-01-11 16:51:24,188 - FujianRecrawler - INFO - 请求福建API第28页...
2026-01-11 16:51:26,204 - FujianRecrawler - INFO - 福建API第28/34页，获取1000条记录
2026-01-11 16:51:26,204 - FujianRecrawler - INFO - 请求福建API第29页...
2026-01-11 16:51:28,236 - FujianRecrawler - INFO - 福建API第29/34页，获取1000条记录
2026-01-11 16:51:28,237 - FujianRecrawler - INFO - 请求福建API第30页...
2026-01-11 16:51:30,147 - FujianRecrawler - INFO - 福建API第30/34页，获取1000条记录
2026-01-11 16:51:30,148 - FujianRecrawler - INFO - 请求福建API第31页...
2026-01-11 16:51:32,191 - FujianRecrawler - INFO - 福建API第31/34页，获取1000条记录
2026-01-11 16:51:32,192 - FujianRecrawler - INFO - 请求福建API第32页...
2026-01-11 16:51:33,798 - FujianRecrawler - INFO - 福建API第32/34页，获取1000条记录
2026-01-11 16:51:33,799 - FujianRecrawler - INFO - 请求福建API第33页...
2026-01-11 16:51:35,915 - FujianRecrawler - INFO - 福建API第33/34页，获取1000条记录
2026-01-11 16:51:35,916 - FujianRecrawler - INFO - 请求福建API第34页...
2026-01-11 16:51:37,265 - FujianRecrawler - INFO - 福建API第34/34页，获取48条记录
2026-01-11 16:51:37,266 - FujianRecrawler - INFO - 成功从福建API获取33048个ext_code
2026-01-11 16:51:37,269 - FujianRecrawler - INFO - 共发现228个缺失的ext_code
2026-01-11 16:51:37,282 - check_all_spiders - INFO - 
=== 检查guangdong爬虫 ===
2026-01-11 16:51:37,282 - GuangdongRecrawler - INFO - 开始查找缺失数据...
2026-01-11 16:51:37,282 - GuangdongRecrawler - INFO - 从数据库获取drug_hospital_guangdong_test表中的现有drug_code...
2026-01-11 16:51:43,137 - GuangdongRecrawler - INFO - 成功获取38244个现有drug_code
2026-01-11 16:51:43,137 - GuangdongRecrawler - INFO - 开始从广东API获取所有drug_code...
2026-01-11 16:51:43,137 - GuangdongRecrawler - INFO - 请求广东API第1页...
2026-01-11 16:51:48,861 - GuangdongRecrawler - INFO - 广东API第1/80页，获取500条记录
2026-01-11 16:51:48,861 - GuangdongRecrawler - INFO - 请求广东API第2页...
2026-01-11 16:51:49,908 - GuangdongRecrawler - INFO - 广东API第2/80页，获取500条记录
2026-01-11 16:51:49,909 - GuangdongRecrawler - INFO - 请求广东API第3页...
2026-01-11 16:51:50,744 - GuangdongRecrawler - INFO - 广东API第3/80页，获取500条记录
2026-01-11 16:51:50,744 - GuangdongRecrawler - INFO - 请求广东API第4页...
2026-01-11 16:51:51,894 - GuangdongRecrawler - INFO - 广东API第4/80页，获取500条记录
2026-01-11 16:51:51,894 - GuangdongRecrawler - INFO - 请求广东API第5页...
2026-01-11 16:51:52,724 - GuangdongRecrawler - INFO - 广东API第5/80页，获取500条记录
2026-01-11 16:51:52,724 - GuangdongRecrawler - INFO - 请求广东API第6页...
2026-01-11 16:51:54,082 - GuangdongRecrawler - INFO - 广东API第6/80页，获取500条记录
2026-01-11 16:51:54,083 - GuangdongRecrawler - INFO - 请求广东API第7页...
2026-01-11 16:51:55,113 - GuangdongRecrawler - INFO - 广东API第7/80页，获取500条记录
2026-01-11 16:51:55,114 - GuangdongRecrawler - INFO - 请求广东API第8页...
2026-01-11 16:51:56,450 - GuangdongRecrawler - INFO - 广东API第8/80页，获取500条记录
2026-01-11 16:51:56,451 - GuangdongRecrawler - INFO - 请求广东API第9页...
2026-01-11 16:51:57,294 - GuangdongRecrawler - INFO - 广东API第9/80页，获取500条记录
2026-01-11 16:51:57,295 - GuangdongRecrawler - INFO - 请求广东API第10页...
2026-01-11 16:51:58,116 - GuangdongRecrawler - INFO - 广东API第10/80页，获取500条记录
2026-01-11 16:51:58,116 - GuangdongRecrawler - INFO - 请求广东API第11页...
2026-01-11 16:51:58,943 - GuangdongRecrawler - INFO - 广东API第11/80页，获取500条记录
2026-01-11 16:51:58,943 - GuangdongRecrawler - INFO - 请求广东API第12页...
2026-01-11 16:51:59,775 - GuangdongRecrawler - INFO - 广东API第12/80页，获取500条记录
2026-01-11 16:51:59,775 - GuangdongRecrawler - INFO - 请求广东API第13页...
2026-01-11 16:52:00,606 - GuangdongRecrawler - INFO - 广东API第13/80页，获取500条记录
2026-01-11 16:52:00,607 - GuangdongRecrawler - INFO - 请求广东API第14页...
2026-01-11 16:52:01,438 - GuangdongRecrawler - INFO - 广东API第14/80页，获取500条记录
2026-01-11 16:52:01,438 - GuangdongRecrawler - INFO - 请求广东API第15页...
2026-01-11 16:52:02,913 - GuangdongRecrawler - INFO - 广东API第15/80页，获取500条记录
2026-01-11 16:52:02,914 - GuangdongRecrawler - INFO - 请求广东API第16页...
2026-01-11 16:52:03,774 - GuangdongRecrawler - INFO - 广东API第16/80页，获取500条记录
2026-01-11 16:52:03,774 - GuangdongRecrawler - INFO - 请求广东API第17页...
2026-01-11 16:52:04,584 - GuangdongRecrawler - INFO - 广东API第17/80页，获取500条记录
2026-01-11 16:52:04,584 - GuangdongRecrawler - INFO - 请求广东API第18页...
2026-01-11 16:52:05,465 - GuangdongRecrawler - INFO - 广东API第18/80页，获取500条记录
2026-01-11 16:52:05,465 - GuangdongRecrawler - INFO - 请求广东API第19页...
2026-01-11 16:52:06,350 - GuangdongRecrawler - INFO - 广东API第19/80页，获取500条记录
2026-01-11 16:52:06,350 - GuangdongRecrawler - INFO - 请求广东API第20页...
2026-01-11 16:52:07,645 - GuangdongRecrawler - INFO - 广东API第20/80页，获取500条记录
2026-01-11 16:52:07,646 - GuangdongRecrawler - INFO - 请求广东API第21页...
2026-01-11 16:52:08,516 - GuangdongRecrawler - INFO - 广东API第21/80页，获取500条记录
2026-01-11 16:52:08,517 - GuangdongRecrawler - INFO - 请求广东API第22页...
2026-01-11 16:52:09,570 - GuangdongRecrawler - INFO - 广东API第22/80页，获取500条记录
2026-01-11 16:52:09,570 - GuangdongRecrawler - INFO - 请求广东API第23页...
2026-01-11 16:52:11,097 - GuangdongRecrawler - INFO - 广东API第23/80页，获取500条记录
2026-01-11 16:52:11,098 - GuangdongRecrawler - INFO - 请求广东API第24页...
2026-01-11 16:52:11,952 - GuangdongRecrawler - INFO - 广东API第24/80页，获取500条记录
2026-01-11 16:52:11,953 - GuangdongRecrawler - INFO - 请求广东API第25页...
2026-01-11 16:52:12,838 - GuangdongRecrawler - INFO - 广东API第25/80页，获取500条记录
2026-01-11 16:52:12,838 - GuangdongRecrawler - INFO - 请求广东API第26页...
2026-01-11 16:52:13,715 - GuangdongRecrawler - INFO - 广东API第26/80页，获取500条记录
2026-01-11 16:52:13,715 - GuangdongRecrawler - INFO - 请求广东API第27页...
2026-01-11 16:52:14,783 - GuangdongRecrawler - INFO - 广东API第27/80页，获取500条记录
2026-01-11 16:52:14,784 - GuangdongRecrawler - INFO - 请求广东API第28页...
2026-01-11 16:52:15,706 - GuangdongRecrawler - INFO - 广东API第28/80页，获取500条记录
2026-01-11 16:52:15,706 - GuangdongRecrawler - INFO - 请求广东API第29页...
2026-01-11 16:52:16,664 - GuangdongRecrawler - INFO - 广东API第29/80页，获取500条记录
2026-01-11 16:52:16,664 - GuangdongRecrawler - INFO - 请求广东API第30页...
2026-01-11 16:52:17,585 - GuangdongRecrawler - INFO - 广东API第30/80页，获取500条记录
2026-01-11 16:52:17,586 - GuangdongRecrawler - INFO - 请求广东API第31页...
2026-01-11 16:52:18,498 - GuangdongRecrawler - INFO - 广东API第31/80页，获取500条记录
2026-01-11 16:52:18,498 - GuangdongRecrawler - INFO - 请求广东API第32页...
2026-01-11 16:52:19,414 - GuangdongRecrawler - INFO - 广东API第32/80页，获取500条记录
2026-01-11 16:52:19,414 - GuangdongRecrawler - INFO - 请求广东API第33页...
2026-01-11 16:52:21,225 - GuangdongRecrawler - INFO - 广东API第33/80页，获取500条记录
2026-01-11 16:52:21,226 - GuangdongRecrawler - INFO - 请求广东API第34页...
2026-01-11 16:52:22,136 - GuangdongRecrawler - INFO - 广东API第34/80页，获取500条记录
2026-01-11 16:52:22,136 - GuangdongRecrawler - INFO - 请求广东API第35页...
2026-01-11 16:52:23,038 - GuangdongRecrawler - INFO - 广东API第35/80页，获取500条记录
2026-01-11 16:52:23,038 - GuangdongRecrawler - INFO - 请求广东API第36页...
2026-01-11 16:52:23,981 - GuangdongRecrawler - INFO - 广东API第36/80页，获取500条记录
2026-01-11 16:52:23,981 - GuangdongRecrawler - INFO - 请求广东API第37页...
2026-01-11 16:52:24,906 - GuangdongRecrawler - INFO - 广东API第37/80页，获取500条记录
2026-01-11 16:52:24,906 - GuangdongRecrawler - INFO - 请求广东API第38页...
2026-01-11 16:52:26,280 - GuangdongRecrawler - INFO - 广东API第38/80页，获取500条记录
2026-01-11 16:52:26,281 - GuangdongRecrawler - INFO - 请求广东API第39页...
2026-01-11 16:52:27,152 - GuangdongRecrawler - INFO - 广东API第39/80页，获取500条记录
2026-01-11 16:52:27,153 - GuangdongRecrawler - INFO - 请求广东API第40页...
2026-01-11 16:52:28,105 - GuangdongRecrawler - INFO - 广东API第40/80页，获取500条记录
2026-01-11 16:52:28,105 - GuangdongRecrawler - INFO - 请求广东API第41页...
2026-01-11 16:52:29,060 - GuangdongRecrawler - INFO - 广东API第41/80页，获取500条记录
2026-01-11 16:52:29,061 - GuangdongRecrawler - INFO - 请求广东API第42页...
2026-01-11 16:52:30,006 - GuangdongRecrawler - INFO - 广东API第42/80页，获取500条记录
2026-01-11 16:52:30,007 - GuangdongRecrawler - INFO - 请求广东API第43页...
2026-01-11 16:52:30,944 - GuangdongRecrawler - INFO - 广东API第43/80页，获取500条记录
2026-01-11 16:52:30,945 - GuangdongRecrawler - INFO - 请求广东API第44页...
2026-01-11 16:52:31,897 - GuangdongRecrawler - INFO - 广东API第44/80页，获取500条记录
2026-01-11 16:52:31,898 - GuangdongRecrawler - INFO - 请求广东API第45页...
2026-01-11 16:52:33,322 - GuangdongRecrawler - INFO - 广东API第45/80页，获取500条记录
2026-01-11 16:52:33,322 - GuangdongRecrawler - INFO - 请求广东API第46页...
2026-01-11 16:52:35,391 - GuangdongRecrawler - INFO - 广东API第46/80页，获取500条记录
2026-01-11 16:52:35,391 - GuangdongRecrawler - INFO - 请求广东API第47页...
2026-01-11 16:52:36,421 - GuangdongRecrawler - INFO - 广东API第47/80页，获取500条记录
2026-01-11 16:52:36,421 - GuangdongRecrawler - INFO - 请求广东API第48页...
2026-01-11 16:52:37,473 - GuangdongRecrawler - INFO - 广东API第48/80页，获取500条记录
2026-01-11 16:52:37,473 - GuangdongRecrawler - INFO - 请求广东API第49页...
2026-01-11 16:52:38,446 - GuangdongRecrawler - INFO - 广东API第49/80页，获取500条记录
2026-01-11 16:52:38,446 - GuangdongRecrawler - INFO - 请求广东API第50页...
2026-01-11 16:52:39,370 - GuangdongRecrawler - INFO - 广东API第50/80页，获取500条记录
2026-01-11 16:52:39,370 - GuangdongRecrawler - INFO - 请求广东API第51页...
2026-01-11 16:52:40,327 - GuangdongRecrawler - INFO - 广东API第51/80页，获取500条记录
2026-01-11 16:52:40,327 - GuangdongRecrawler - INFO - 请求广东API第52页...
2026-01-11 16:52:41,605 - GuangdongRecrawler - INFO - 广东API第52/80页，获取500条记录
2026-01-11 16:52:41,606 - GuangdongRecrawler - INFO - 请求广东API第53页...
2026-01-11 16:52:42,585 - GuangdongRecrawler - INFO - 广东API第53/80页，获取500条记录
2026-01-11 16:52:42,586 - GuangdongRecrawler - INFO - 请求广东API第54页...
2026-01-11 16:52:44,604 - GuangdongRecrawler - INFO - 广东API第54/80页，获取500条记录
2026-01-11 16:52:44,605 - GuangdongRecrawler - INFO - 请求广东API第55页...
2026-01-11 16:52:46,224 - GuangdongRecrawler - INFO - 广东API第55/80页，获取500条记录
2026-01-11 16:52:46,225 - GuangdongRecrawler - INFO - 请求广东API第56页...
2026-01-11 16:52:47,164 - GuangdongRecrawler - INFO - 广东API第56/80页，获取500条记录
2026-01-11 16:52:47,164 - GuangdongRecrawler - INFO - 请求广东API第57页...
2026-01-11 16:52:48,125 - GuangdongRecrawler - INFO - 广东API第57/80页，获取500条记录
2026-01-11 16:52:48,126 - GuangdongRecrawler - INFO - 请求广东API第58页...
2026-01-11 16:52:49,103 - GuangdongRecrawler - INFO - 广东API第58/80页，获取500条记录
2026-01-11 16:52:49,104 - GuangdongRecrawler - INFO - 请求广东API第59页...
2026-01-11 16:52:50,089 - GuangdongRecrawler - INFO - 广东API第59/80页，获取500条记录
2026-01-11 16:52:50,089 - GuangdongRecrawler - INFO - 请求广东API第60页...
2026-01-11 16:52:51,031 - GuangdongRecrawler - INFO - 广东API第60/80页，获取500条记录
2026-01-11 16:52:51,032 - GuangdongRecrawler - INFO - 请求广东API第61页...
2026-01-11 16:52:51,987 - GuangdongRecrawler - INFO - 广东API第61/80页，获取500条记录
2026-01-11 16:52:51,988 - GuangdongRecrawler - INFO - 请求广东API第62页...
2026-01-11 16:52:52,937 - GuangdongRecrawler - INFO - 广东API第62/80页，获取500条记录
2026-01-11 16:52:52,937 - GuangdongRecrawler - INFO - 请求广东API第63页...
2026-01-11 16:52:53,901 - GuangdongRecrawler - INFO - 广东API第63/80页，获取500条记录
2026-01-11 16:52:53,902 - GuangdongRecrawler - INFO - 请求广东API第64页...
2026-01-11 16:52:54,867 - GuangdongRecrawler - INFO - 广东API第64/80页，获取500条记录
2026-01-11 16:52:54,868 - GuangdongRecrawler - INFO - 请求广东API第65页...
2026-01-11 16:52:55,820 - GuangdongRecrawler - INFO - 广东API第65/80页，获取500条记录
2026-01-11 16:52:55,821 - GuangdongRecrawler - INFO - 请求广东API第66页...
2026-01-11 16:52:56,769 - GuangdongRecrawler - INFO - 广东API第66/80页，获取500条记录
2026-01-11 16:52:56,770 - GuangdongRecrawler - INFO - 请求广东API第67页...
2026-01-11 16:52:58,286 - GuangdongRecrawler - INFO - 广东API第67/80页，获取500条记录
2026-01-11 16:52:58,287 - GuangdongRecrawler - INFO - 请求广东API第68页...
2026-01-11 16:52:59,242 - GuangdongRecrawler - INFO - 广东API第68/80页，获取500条记录
2026-01-11 16:52:59,242 - GuangdongRecrawler - INFO - 请求广东API第69页...
2026-01-11 16:53:00,453 - GuangdongRecrawler - INFO - 广东API第69/80页，获取500条记录
2026-01-11 16:53:00,453 - GuangdongRecrawler - INFO - 请求广东API第70页...
2026-01-11 16:53:01,436 - GuangdongRecrawler - INFO - 广东API第70/80页，获取500条记录
2026-01-11 16:53:01,436 - GuangdongRecrawler - INFO - 请求广东API第71页...
2026-01-11 16:53:02,615 - GuangdongRecrawler - INFO - 广东API第71/80页，获取500条记录
2026-01-11 16:53:02,615 - GuangdongRecrawler - INFO - 请求广东API第72页...
2026-01-11 16:53:03,883 - GuangdongRecrawler - INFO - 广东API第72/80页，获取500条记录
2026-01-11 16:53:03,884 - GuangdongRecrawler - INFO - 请求广东API第73页...
2026-01-11 16:53:05,611 - GuangdongRecrawler - INFO - 广东API第73/80页，获取500条记录
2026-01-11 16:53:05,612 - GuangdongRecrawler - INFO - 请求广东API第74页...
2026-01-11 16:53:06,925 - GuangdongRecrawler - INFO - 广东API第74/80页，获取500条记录
2026-01-11 16:53:06,925 - GuangdongRecrawler - INFO - 请求广东API第75页...
2026-01-11 16:53:08,262 - GuangdongRecrawler - INFO - 广东API第75/80页，获取500条记录
2026-01-11 16:53:08,263 - GuangdongRecrawler - INFO - 请求广东API第76页...
2026-01-11 16:53:09,707 - GuangdongRecrawler - INFO - 广东API第76/80页，获取500条记录
2026-01-11 16:53:09,708 - GuangdongRecrawler - INFO - 请求广东API第77页...
2026-01-11 16:53:10,806 - GuangdongRecrawler - INFO - 广东API第77/80页，获取500条记录
2026-01-11 16:53:10,807 - GuangdongRecrawler - INFO - 请求广东API第78页...
2026-01-11 16:53:11,901 - GuangdongRecrawler - INFO - 广东API第78/80页，获取500条记录
2026-01-11 16:53:11,901 - GuangdongRecrawler - INFO - 请求广东API第79页...
2026-01-11 16:53:13,002 - GuangdongRecrawler - INFO - 广东API第79/80页，获取500条记录
2026-01-11 16:53:13,002 - GuangdongRecrawler - INFO - 请求广东API第80页...
2026-01-11 16:53:13,841 - GuangdongRecrawler - INFO - 广东API第80/80页，获取199条记录
2026-01-11 16:53:13,841 - GuangdongRecrawler - INFO - 成功从广东API获取39698个drug_code
2026-01-11 16:53:13,845 - GuangdongRecrawler - INFO - 共发现1973个缺失的drug_code
2026-01-11 16:53:13,861 - check_all_spiders - INFO - 
=== 检查hainan爬虫 ===
2026-01-11 16:53:13,861 - HainanRecrawler - INFO - 开始查找缺失数据...
2026-01-11 16:53:13,861 - HainanRecrawler - INFO - 从数据库获取drug_shop_hainan_test表中的现有drug_code...
2026-01-11 16:53:20,035 - HainanRecrawler - INFO - 成功获取17045个现有drug_code
2026-01-11 16:53:20,035 - HainanRecrawler - INFO - 开始从海南API获取所有drug_code...
2026-01-11 16:53:20,035 - HainanRecrawler - INFO - 请求海南API第1页...
2026-01-11 16:53:24,795 - HainanRecrawler - ERROR - 请求海南API失败: 403 Client Error: Forbidden for url: https://ybj.hainan.gov.cn/tps-local/local/web/std/drugStore/getDrugStore?current=1&size=500&prodName=
2026-01-11 16:53:24,795 - HainanRecrawler - INFO - 成功从海南API获取0个drug_code
2026-01-11 16:53:24,795 - HainanRecrawler - INFO - 共发现0个缺失的drug_code
2026-01-11 16:53:24,804 - check_all_spiders - INFO - 
=== 检查tianjin爬虫 ===
2026-01-11 16:53:24,805 - TianjinRecrawler - INFO - 开始查找缺失数据...
2026-01-11 16:53:24,805 - TianjinRecrawler - INFO - 从数据库获取drug_hospital_tianjin_test表中的现有med_id...
2026-01-11 16:53:25,567 - TianjinRecrawler - INFO - 成功获取7344个现有med_id
2026-01-11 16:53:25,567 - TianjinRecrawler - INFO - 开始从天津API获取所有med_id...
2026-01-11 16:53:25,567 - TianjinRecrawler - WARNING - 天津API需要验证码，暂时无法自动获取所有med_id
2026-01-11 16:53:25,567 - TianjinRecrawler - INFO - 共发现0个缺失的med_id
2026-01-11 16:53:25,574 - check_all_spiders - INFO - 
=== 检查liaoning爬虫 ===
2026-01-11 16:53:25,575 - LiaoningRecrawler - INFO - 开始查找缺失数据...
2026-01-11 16:53:25,575 - LiaoningRecrawler - INFO - 从数据库获取drug_hospital_liaoning_test表中的现有goodscode...
2026-01-11 16:53:25,578 - LiaoningRecrawler - ERROR - 获取现有ID失败: (pymysql.err.OperationalError) (1054, "Unknown column 'goodscode' in 'field list'")
[SQL: SELECT DISTINCT goodscode FROM drug_hospital_liaoning]
(Background on this error at: https://sqlalche.me/e/20/e3q8)
2026-01-11 16:53:25,578 - LiaoningRecrawler - ERROR - 查找缺失数据失败: (pymysql.err.OperationalError) (1054, "Unknown column 'goodscode' in 'field list'")
[SQL: SELECT DISTINCT goodscode FROM drug_hospital_liaoning]
(Background on this error at: https://sqlalche.me/e/20/e3q8)
2026-01-11 16:53:25,578 - check_all_spiders - ERROR - 检查liaoning爬虫失败: (pymysql.err.OperationalError) (1054, "Unknown column 'goodscode' in 'field list'")
[SQL: SELECT DISTINCT goodscode FROM drug_hospital_liaoning]
(Background on this error at: https://sqlalche.me/e/20/e3q8)
2026-01-11 16:53:25,586 - check_all_spiders - INFO - 
=== 检查ningxia爬虫 ===
2026-01-11 16:53:25,586 - NingxiaRecrawler - INFO - 开始查找缺失数据...
2026-01-11 16:53:25,586 - NingxiaRecrawler - INFO - 从数据库获取drug_hospital_ningxia_test表中的现有procurecatalogId...
2026-01-11 16:53:25,676 - NingxiaRecrawler - INFO - 成功获取147个现有procurecatalogId
2026-01-11 16:53:25,676 - NingxiaRecrawler - INFO - 开始从宁夏API获取所有procurecatalogId...
2026-01-11 16:53:25,676 - NingxiaRecrawler - INFO - 请求宁夏API第1页...
2026-01-11 16:53:29,440 - NingxiaRecrawler - INFO - 宁夏API第1页，获取100条记录，总计29条
2026-01-11 16:53:29,440 - NingxiaRecrawler - INFO - 成功从宁夏API获取41个procurecatalogId
2026-01-11 16:53:29,441 - NingxiaRecrawler - INFO - 共发现41个缺失的procurecatalogId
2026-01-11 16:53:29,447 - check_all_spiders - INFO - 
=== 检查hebei爬虫 ===
2026-01-11 16:53:29,448 - HebeiRecrawler - INFO - 开始查找缺失数据...
2026-01-11 16:53:29,448 - HebeiRecrawler - INFO - 从数据库获取drug_hospital_hebei_test表中的现有prod_code...
2026-01-11 16:53:29,452 - HebeiRecrawler - ERROR - 获取现有ID失败: (pymysql.err.OperationalError) (1054, "Unknown column 'prod_code' in 'field list'")
[SQL: SELECT DISTINCT prod_code FROM drug_hospital_hebei]
(Background on this error at: https://sqlalche.me/e/20/e3q8)
2026-01-11 16:53:29,452 - HebeiRecrawler - ERROR - 查找缺失数据失败: (pymysql.err.OperationalError) (1054, "Unknown column 'prod_code' in 'field list'")
[SQL: SELECT DISTINCT prod_code FROM drug_hospital_hebei]
(Background on this error at: https://sqlalche.me/e/20/e3q8)
2026-01-11 16:53:29,452 - check_all_spiders - ERROR - 检查hebei爬虫失败: (pymysql.err.OperationalError) (1054, "Unknown column 'prod_code' in 'field list'")
[SQL: SELECT DISTINCT prod_code FROM drug_hospital_hebei]
(Background on this error at: https://sqlalche.me/e/20/e3q8)
2026-01-11 16:53:29,460 - check_all_spiders - INFO - 
=== 补采检查报告 ===
2026-01-11 16:53:29,460 - check_all_spiders - INFO - fujian: 缺失228条数据
2026-01-11 16:53:29,460 - check_all_spiders - INFO -   示例: ['HXUDP4000000000000000164053430', 'XB05AAR021B001010105979', 'XC04AFY101A012010302068', 'HX20230129000005', 'HX20241227000032']
2026-01-11 16:53:29,460 - check_all_spiders - INFO - guangdong: 缺失1973条数据
2026-01-11 16:53:29,460 - check_all_spiders - INFO -   示例: ['XL03AAR104B002050104488', 'XJ01FFK071B001010101956', 'XL01DCY324B002020182183', 'XB05BAF153B002010103662', 'XA11DAW036A001010103130']
2026-01-11 16:53:29,460 - check_all_spiders - INFO - hainan: 缺失0条数据
2026-01-11 16:53:29,460 - check_all_spiders - INFO - tianjin: 缺失0条数据
2026-01-11 16:53:29,461 - check_all_spiders - INFO - liaoning: 错误 - (pymysql.err.OperationalError) (1054, "Unknown column 'goodscode' in 'field list'")
[SQL: SELECT DISTINCT goodscode FROM drug_hospital_liaoning]
(Background on this error at: https://sqlalche.me/e/20/e3q8)
2026-01-11 16:53:29,461 - check_all_spiders - INFO - ningxia: 缺失41条数据
2026-01-11 16:53:29,461 - check_all_spiders - INFO -   示例: [11264, 10000, 10006, 10019, 10020]
2026-01-11 16:53:29,461 - check_all_spiders - INFO - hebei: 错误 - (pymysql.err.OperationalError) (1054, "Unknown column 'prod_code' in 'field list'")
[SQL: SELECT DISTINCT prod_code FROM drug_hospital_hebei]
(Background on this error at: https://sqlalche.me/e/20/e3q8)
2026-01-11 16:55:25,851 - check_all_spiders - INFO - 开始检查所有爬虫的缺失情况...
2026-01-11 16:55:25,851 - check_all_spiders - INFO - 
=== 检查fujian爬虫 ===
2026-01-11 16:55:25,852 - FujianRecrawler - INFO - 开始查找缺失数据...
2026-01-11 16:55:25,852 - FujianRecrawler - INFO - 从数据库获取drug_hospital_fujian_test表中的现有ext_code...
2026-01-11 16:55:26,041 - FujianRecrawler - INFO - 成功获取32838个现有ext_code
2026-01-11 16:55:26,041 - FujianRecrawler - INFO - 开始从福建API获取所有ext_code...
2026-01-11 16:55:26,041 - FujianRecrawler - INFO - 请求福建API第1页...
2026-01-11 16:55:29,968 - FujianRecrawler - INFO - 福建API第1/34页，获取1000条记录
2026-01-11 16:55:29,968 - FujianRecrawler - INFO - 请求福建API第2页...
2026-01-11 16:55:31,792 - FujianRecrawler - INFO - 福建API第2/34页，获取1000条记录
2026-01-11 16:55:31,793 - FujianRecrawler - INFO - 请求福建API第3页...
2026-01-11 16:55:33,155 - FujianRecrawler - INFO - 福建API第3/34页，获取1000条记录
2026-01-11 16:55:33,156 - FujianRecrawler - INFO - 请求福建API第4页...
2026-01-11 16:55:34,723 - FujianRecrawler - INFO - 福建API第4/34页，获取1000条记录
2026-01-11 16:55:34,723 - FujianRecrawler - INFO - 请求福建API第5页...
2026-01-11 16:55:36,449 - FujianRecrawler - INFO - 福建API第5/34页，获取1000条记录
2026-01-11 16:55:36,450 - FujianRecrawler - INFO - 请求福建API第6页...
2026-01-11 16:55:38,273 - FujianRecrawler - INFO - 福建API第6/34页，获取1000条记录
2026-01-11 16:55:38,274 - FujianRecrawler - INFO - 请求福建API第7页...
2026-01-11 16:55:39,790 - FujianRecrawler - INFO - 福建API第7/34页，获取1000条记录
2026-01-11 16:55:39,790 - FujianRecrawler - INFO - 请求福建API第8页...
2026-01-11 16:55:41,439 - FujianRecrawler - INFO - 福建API第8/34页，获取1000条记录
2026-01-11 16:55:41,440 - FujianRecrawler - INFO - 请求福建API第9页...
2026-01-11 16:55:43,349 - FujianRecrawler - INFO - 福建API第9/34页，获取1000条记录
2026-01-11 16:55:43,350 - FujianRecrawler - INFO - 请求福建API第10页...
2026-01-11 16:55:45,108 - FujianRecrawler - INFO - 福建API第10/34页，获取1000条记录
2026-01-11 16:55:45,109 - FujianRecrawler - INFO - 请求福建API第11页...
2026-01-11 16:55:46,594 - FujianRecrawler - INFO - 福建API第11/34页，获取1000条记录
2026-01-11 16:55:46,595 - FujianRecrawler - INFO - 请求福建API第12页...
2026-01-11 16:55:48,446 - FujianRecrawler - INFO - 福建API第12/34页，获取1000条记录
2026-01-11 16:55:48,446 - FujianRecrawler - INFO - 请求福建API第13页...
2026-01-11 16:55:50,465 - FujianRecrawler - INFO - 福建API第13/34页，获取1000条记录
2026-01-11 16:55:50,466 - FujianRecrawler - INFO - 请求福建API第14页...
2026-01-11 16:55:52,355 - FujianRecrawler - INFO - 福建API第14/34页，获取1000条记录
2026-01-11 16:55:52,355 - FujianRecrawler - INFO - 请求福建API第15页...
2026-01-11 16:55:54,584 - FujianRecrawler - INFO - 福建API第15/34页，获取1000条记录
2026-01-11 16:55:54,585 - FujianRecrawler - INFO - 请求福建API第16页...
2026-01-11 16:55:56,371 - FujianRecrawler - INFO - 福建API第16/34页，获取1000条记录
2026-01-11 16:55:56,372 - FujianRecrawler - INFO - 请求福建API第17页...
2026-01-11 16:55:58,190 - FujianRecrawler - INFO - 福建API第17/34页，获取1000条记录
2026-01-11 16:55:58,191 - FujianRecrawler - INFO - 请求福建API第18页...
2026-01-11 16:56:00,152 - FujianRecrawler - INFO - 福建API第18/34页，获取1000条记录
2026-01-11 16:56:00,152 - FujianRecrawler - INFO - 请求福建API第19页...
2026-01-11 16:56:03,251 - FujianRecrawler - INFO - 福建API第19/34页，获取1000条记录
2026-01-11 16:56:03,252 - FujianRecrawler - INFO - 请求福建API第20页...
2026-01-11 16:56:04,959 - FujianRecrawler - INFO - 福建API第20/34页，获取1000条记录
2026-01-11 16:56:04,960 - FujianRecrawler - INFO - 请求福建API第21页...
2026-01-11 16:56:06,830 - FujianRecrawler - INFO - 福建API第21/34页，获取1000条记录
2026-01-11 16:56:06,831 - FujianRecrawler - INFO - 请求福建API第22页...
2026-01-11 16:56:08,556 - FujianRecrawler - INFO - 福建API第22/34页，获取1000条记录
2026-01-11 16:56:08,557 - FujianRecrawler - INFO - 请求福建API第23页...
2026-01-11 16:56:10,878 - FujianRecrawler - INFO - 福建API第23/34页，获取1000条记录
2026-01-11 16:56:10,879 - FujianRecrawler - INFO - 请求福建API第24页...
2026-01-11 16:56:12,560 - FujianRecrawler - INFO - 福建API第24/34页，获取1000条记录
2026-01-11 16:56:12,561 - FujianRecrawler - INFO - 请求福建API第25页...
2026-01-11 16:56:14,866 - FujianRecrawler - INFO - 福建API第25/34页，获取1000条记录
2026-01-11 16:56:14,867 - FujianRecrawler - INFO - 请求福建API第26页...
2026-01-11 16:56:16,396 - FujianRecrawler - INFO - 福建API第26/34页，获取1000条记录
2026-01-11 16:56:16,397 - FujianRecrawler - INFO - 请求福建API第27页...
2026-01-11 16:56:18,026 - FujianRecrawler - INFO - 福建API第27/34页，获取1000条记录
2026-01-11 16:56:18,026 - FujianRecrawler - INFO - 请求福建API第28页...
2026-01-11 16:56:19,810 - FujianRecrawler - INFO - 福建API第28/34页，获取1000条记录
2026-01-11 16:56:19,811 - FujianRecrawler - INFO - 请求福建API第29页...
2026-01-11 16:56:21,581 - FujianRecrawler - INFO - 福建API第29/34页，获取1000条记录
2026-01-11 16:56:21,581 - FujianRecrawler - INFO - 请求福建API第30页...
2026-01-11 16:56:23,201 - FujianRecrawler - INFO - 福建API第30/34页，获取1000条记录
2026-01-11 16:56:23,201 - FujianRecrawler - INFO - 请求福建API第31页...
2026-01-11 16:56:25,158 - FujianRecrawler - INFO - 福建API第31/34页，获取1000条记录
2026-01-11 16:56:25,158 - FujianRecrawler - INFO - 请求福建API第32页...
2026-01-11 16:56:27,324 - FujianRecrawler - INFO - 福建API第32/34页，获取1000条记录
2026-01-11 16:56:27,325 - FujianRecrawler - INFO - 请求福建API第33页...
2026-01-11 16:56:29,152 - FujianRecrawler - INFO - 福建API第33/34页，获取1000条记录
2026-01-11 16:56:29,152 - FujianRecrawler - INFO - 请求福建API第34页...
2026-01-11 16:56:30,046 - FujianRecrawler - INFO - 福建API第34/34页，获取48条记录
2026-01-11 16:56:30,047 - FujianRecrawler - INFO - 成功从福建API获取33048个ext_code
2026-01-11 16:56:30,048 - FujianRecrawler - INFO - 共发现228个缺失的ext_code
2026-01-11 16:56:30,059 - check_all_spiders - INFO - 
=== 检查guangdong爬虫 ===
2026-01-11 16:56:30,059 - GuangdongRecrawler - INFO - 开始查找缺失数据...
2026-01-11 16:56:30,059 - GuangdongRecrawler - INFO - 从数据库获取drug_hospital_guangdong_test表中的现有drug_code...
2026-01-11 16:56:30,238 - GuangdongRecrawler - INFO - 成功获取38244个现有drug_code
2026-01-11 16:56:30,238 - GuangdongRecrawler - INFO - 开始从广东API获取所有drug_code...
2026-01-11 16:56:30,238 - GuangdongRecrawler - INFO - 请求广东API第1页...
2026-01-11 16:56:32,894 - GuangdongRecrawler - INFO - 广东API第1/80页，获取500条记录
2026-01-11 16:56:32,894 - GuangdongRecrawler - INFO - 请求广东API第2页...
2026-01-11 16:56:33,695 - GuangdongRecrawler - INFO - 广东API第2/80页，获取500条记录
2026-01-11 16:56:33,696 - GuangdongRecrawler - INFO - 请求广东API第3页...
2026-01-11 16:56:35,573 - GuangdongRecrawler - INFO - 广东API第3/80页，获取500条记录
2026-01-11 16:56:35,573 - GuangdongRecrawler - INFO - 请求广东API第4页...
2026-01-11 16:56:37,438 - GuangdongRecrawler - INFO - 广东API第4/80页，获取500条记录
2026-01-11 16:56:37,438 - GuangdongRecrawler - INFO - 请求广东API第5页...
2026-01-11 16:56:39,345 - GuangdongRecrawler - INFO - 广东API第5/80页，获取500条记录
2026-01-11 16:56:39,345 - GuangdongRecrawler - INFO - 请求广东API第6页...
2026-01-11 16:56:41,770 - GuangdongRecrawler - INFO - 广东API第6/80页，获取500条记录
2026-01-11 16:56:41,770 - GuangdongRecrawler - INFO - 请求广东API第7页...
2026-01-11 16:56:42,814 - GuangdongRecrawler - INFO - 广东API第7/80页，获取500条记录
2026-01-11 16:56:42,814 - GuangdongRecrawler - INFO - 请求广东API第8页...
2026-01-11 16:56:43,913 - GuangdongRecrawler - INFO - 广东API第8/80页，获取500条记录
2026-01-11 16:56:43,914 - GuangdongRecrawler - INFO - 请求广东API第9页...
2026-01-11 16:56:45,097 - GuangdongRecrawler - INFO - 广东API第9/80页，获取500条记录
2026-01-11 16:56:45,097 - GuangdongRecrawler - INFO - 请求广东API第10页...
2026-01-11 16:56:46,092 - GuangdongRecrawler - INFO - 广东API第10/80页，获取500条记录
2026-01-11 16:56:46,092 - GuangdongRecrawler - INFO - 请求广东API第11页...
2026-01-11 16:56:47,174 - GuangdongRecrawler - INFO - 广东API第11/80页，获取500条记录
2026-01-11 16:56:47,175 - GuangdongRecrawler - INFO - 请求广东API第12页...
2026-01-11 16:56:48,602 - GuangdongRecrawler - INFO - 广东API第12/80页，获取500条记录
2026-01-11 16:56:48,603 - GuangdongRecrawler - INFO - 请求广东API第13页...
2026-01-11 16:56:49,635 - GuangdongRecrawler - INFO - 广东API第13/80页，获取500条记录
2026-01-11 16:56:49,637 - GuangdongRecrawler - INFO - 请求广东API第14页...
2026-01-11 16:56:51,281 - GuangdongRecrawler - INFO - 广东API第14/80页，获取500条记录
2026-01-11 16:56:51,282 - GuangdongRecrawler - INFO - 请求广东API第15页...
2026-01-11 16:56:52,907 - GuangdongRecrawler - INFO - 广东API第15/80页，获取500条记录
2026-01-11 16:56:52,908 - GuangdongRecrawler - INFO - 请求广东API第16页...
2026-01-11 16:56:54,163 - GuangdongRecrawler - INFO - 广东API第16/80页，获取500条记录
2026-01-11 16:56:54,163 - GuangdongRecrawler - INFO - 请求广东API第17页...
2026-01-11 16:56:55,218 - GuangdongRecrawler - INFO - 广东API第17/80页，获取500条记录
2026-01-11 16:56:55,219 - GuangdongRecrawler - INFO - 请求广东API第18页...
2026-01-11 16:56:56,260 - GuangdongRecrawler - INFO - 广东API第18/80页，获取500条记录
2026-01-11 16:56:56,261 - GuangdongRecrawler - INFO - 请求广东API第19页...
2026-01-11 16:56:57,326 - GuangdongRecrawler - INFO - 广东API第19/80页，获取500条记录
2026-01-11 16:56:57,327 - GuangdongRecrawler - INFO - 请求广东API第20页...
2026-01-11 16:56:58,429 - GuangdongRecrawler - INFO - 广东API第20/80页，获取500条记录
2026-01-11 16:56:58,430 - GuangdongRecrawler - INFO - 请求广东API第21页...
2026-01-11 16:56:59,563 - GuangdongRecrawler - INFO - 广东API第21/80页，获取500条记录
2026-01-11 16:56:59,563 - GuangdongRecrawler - INFO - 请求广东API第22页...
2026-01-11 16:57:00,616 - GuangdongRecrawler - INFO - 广东API第22/80页，获取500条记录
2026-01-11 16:57:00,617 - GuangdongRecrawler - INFO - 请求广东API第23页...
2026-01-11 16:57:02,182 - GuangdongRecrawler - INFO - 广东API第23/80页，获取500条记录
2026-01-11 16:57:02,183 - GuangdongRecrawler - INFO - 请求广东API第24页...
2026-01-11 16:57:04,041 - GuangdongRecrawler - INFO - 广东API第24/80页，获取500条记录
2026-01-11 16:57:04,041 - GuangdongRecrawler - INFO - 请求广东API第25页...
2026-01-11 16:57:05,314 - GuangdongRecrawler - INFO - 广东API第25/80页，获取500条记录
2026-01-11 16:57:05,315 - GuangdongRecrawler - INFO - 请求广东API第26页...
2026-01-11 16:57:06,788 - GuangdongRecrawler - INFO - 广东API第26/80页，获取500条记录
2026-01-11 16:57:06,788 - GuangdongRecrawler - INFO - 请求广东API第27页...
2026-01-11 16:57:07,967 - GuangdongRecrawler - INFO - 广东API第27/80页，获取500条记录
2026-01-11 16:57:07,968 - GuangdongRecrawler - INFO - 请求广东API第28页...
2026-01-11 16:57:09,143 - GuangdongRecrawler - INFO - 广东API第28/80页，获取500条记录
2026-01-11 16:57:09,144 - GuangdongRecrawler - INFO - 请求广东API第29页...
2026-01-11 16:57:10,748 - GuangdongRecrawler - INFO - 广东API第29/80页，获取500条记录
2026-01-11 16:57:10,749 - GuangdongRecrawler - INFO - 请求广东API第30页...
2026-01-11 16:57:11,916 - GuangdongRecrawler - INFO - 广东API第30/80页，获取500条记录
2026-01-11 16:57:11,916 - GuangdongRecrawler - INFO - 请求广东API第31页...
2026-01-11 16:57:13,369 - GuangdongRecrawler - INFO - 广东API第31/80页，获取500条记录
2026-01-11 16:57:13,370 - GuangdongRecrawler - INFO - 请求广东API第32页...
2026-01-11 16:57:15,207 - GuangdongRecrawler - INFO - 广东API第32/80页，获取500条记录
2026-01-11 16:57:15,207 - GuangdongRecrawler - INFO - 请求广东API第33页...
2026-01-11 16:57:16,671 - GuangdongRecrawler - INFO - 广东API第33/80页，获取500条记录
2026-01-11 16:57:16,671 - GuangdongRecrawler - INFO - 请求广东API第34页...
2026-01-11 16:57:17,892 - GuangdongRecrawler - INFO - 广东API第34/80页，获取500条记录
2026-01-11 16:57:17,893 - GuangdongRecrawler - INFO - 请求广东API第35页...
2026-01-11 16:57:19,206 - GuangdongRecrawler - INFO - 广东API第35/80页，获取500条记录
2026-01-11 16:57:19,207 - GuangdongRecrawler - INFO - 请求广东API第36页...
2026-01-11 16:57:20,370 - GuangdongRecrawler - INFO - 广东API第36/80页，获取500条记录
2026-01-11 16:57:20,371 - GuangdongRecrawler - INFO - 请求广东API第37页...
2026-01-11 16:57:21,604 - GuangdongRecrawler - INFO - 广东API第37/80页，获取500条记录
2026-01-11 16:57:21,604 - GuangdongRecrawler - INFO - 请求广东API第38页...
2026-01-11 16:57:23,050 - GuangdongRecrawler - INFO - 广东API第38/80页，获取500条记录
2026-01-11 16:57:23,051 - GuangdongRecrawler - INFO - 请求广东API第39页...
2026-01-11 16:57:25,069 - GuangdongRecrawler - INFO - 广东API第39/80页，获取500条记录
2026-01-11 16:57:25,069 - GuangdongRecrawler - INFO - 请求广东API第40页...
2026-01-11 16:57:26,369 - GuangdongRecrawler - INFO - 广东API第40/80页，获取500条记录
2026-01-11 16:57:26,370 - GuangdongRecrawler - INFO - 请求广东API第41页...
2026-01-11 16:57:27,758 - GuangdongRecrawler - INFO - 广东API第41/80页，获取500条记录
2026-01-11 16:57:27,759 - GuangdongRecrawler - INFO - 请求广东API第42页...
2026-01-11 16:57:29,104 - GuangdongRecrawler - INFO - 广东API第42/80页，获取500条记录
2026-01-11 16:57:29,104 - GuangdongRecrawler - INFO - 请求广东API第43页...
2026-01-11 16:57:31,885 - GuangdongRecrawler - INFO - 广东API第43/80页，获取500条记录
2026-01-11 16:57:31,885 - GuangdongRecrawler - INFO - 请求广东API第44页...
2026-01-11 16:57:33,212 - GuangdongRecrawler - INFO - 广东API第44/80页，获取500条记录
2026-01-11 16:57:33,212 - GuangdongRecrawler - INFO - 请求广东API第45页...
2026-01-11 16:57:35,170 - GuangdongRecrawler - INFO - 广东API第45/80页，获取500条记录
2026-01-11 16:57:35,170 - GuangdongRecrawler - INFO - 请求广东API第46页...
2026-01-11 16:57:36,663 - GuangdongRecrawler - INFO - 广东API第46/80页，获取500条记录
2026-01-11 16:57:36,663 - GuangdongRecrawler - INFO - 请求广东API第47页...
2026-01-11 16:57:38,377 - GuangdongRecrawler - INFO - 广东API第47/80页，获取500条记录
2026-01-11 16:57:38,378 - GuangdongRecrawler - INFO - 请求广东API第48页...
2026-01-11 16:57:40,344 - GuangdongRecrawler - INFO - 广东API第48/80页，获取500条记录
2026-01-11 16:57:40,344 - GuangdongRecrawler - INFO - 请求广东API第49页...
2026-01-11 16:57:41,961 - GuangdongRecrawler - INFO - 广东API第49/80页，获取500条记录
2026-01-11 16:57:41,961 - GuangdongRecrawler - INFO - 请求广东API第50页...
2026-01-11 16:57:43,311 - GuangdongRecrawler - INFO - 广东API第50/80页，获取500条记录
2026-01-11 16:57:43,312 - GuangdongRecrawler - INFO - 请求广东API第51页...
2026-01-11 16:57:44,620 - GuangdongRecrawler - INFO - 广东API第51/80页，获取500条记录
2026-01-11 16:57:44,620 - GuangdongRecrawler - INFO - 请求广东API第52页...
2026-01-11 16:57:47,082 - GuangdongRecrawler - INFO - 广东API第52/80页，获取500条记录
2026-01-11 16:57:47,082 - GuangdongRecrawler - INFO - 请求广东API第53页...
2026-01-11 16:57:48,326 - GuangdongRecrawler - INFO - 广东API第53/80页，获取500条记录
2026-01-11 16:57:48,327 - GuangdongRecrawler - INFO - 请求广东API第54页...
2026-01-11 16:57:50,097 - GuangdongRecrawler - INFO - 广东API第54/80页，获取500条记录
2026-01-11 16:57:50,097 - GuangdongRecrawler - INFO - 请求广东API第55页...
2026-01-11 16:57:51,391 - GuangdongRecrawler - INFO - 广东API第55/80页，获取500条记录
2026-01-11 16:57:51,391 - GuangdongRecrawler - INFO - 请求广东API第56页...
2026-01-11 16:57:52,607 - GuangdongRecrawler - INFO - 广东API第56/80页，获取500条记录
2026-01-11 16:57:52,607 - GuangdongRecrawler - INFO - 请求广东API第57页...
2026-01-11 16:57:53,844 - GuangdongRecrawler - INFO - 广东API第57/80页，获取500条记录
2026-01-11 16:57:53,844 - GuangdongRecrawler - INFO - 请求广东API第58页...
2026-01-11 16:57:55,506 - GuangdongRecrawler - INFO - 广东API第58/80页，获取500条记录
2026-01-11 16:57:55,506 - GuangdongRecrawler - INFO - 请求广东API第59页...
2026-01-11 16:57:56,949 - GuangdongRecrawler - INFO - 广东API第59/80页，获取500条记录
2026-01-11 16:57:56,949 - GuangdongRecrawler - INFO - 请求广东API第60页...
2026-01-11 16:57:58,189 - GuangdongRecrawler - INFO - 广东API第60/80页，获取500条记录
2026-01-11 16:57:58,189 - GuangdongRecrawler - INFO - 请求广东API第61页...
2026-01-11 16:57:59,257 - GuangdongRecrawler - INFO - 广东API第61/80页，获取500条记录
2026-01-11 16:57:59,258 - GuangdongRecrawler - INFO - 请求广东API第62页...
2026-01-11 16:58:00,796 - GuangdongRecrawler - INFO - 广东API第62/80页，获取500条记录
2026-01-11 16:58:00,797 - GuangdongRecrawler - INFO - 请求广东API第63页...
2026-01-11 16:58:02,457 - GuangdongRecrawler - INFO - 广东API第63/80页，获取500条记录
2026-01-11 16:58:02,458 - GuangdongRecrawler - INFO - 请求广东API第64页...
2026-01-11 16:58:03,944 - GuangdongRecrawler - INFO - 广东API第64/80页，获取500条记录
2026-01-11 16:58:03,944 - GuangdongRecrawler - INFO - 请求广东API第65页...
2026-01-11 16:58:05,221 - GuangdongRecrawler - INFO - 广东API第65/80页，获取500条记录
2026-01-11 16:58:05,221 - GuangdongRecrawler - INFO - 请求广东API第66页...
2026-01-11 16:58:06,452 - GuangdongRecrawler - INFO - 广东API第66/80页，获取500条记录
2026-01-11 16:58:06,452 - GuangdongRecrawler - INFO - 请求广东API第67页...
2026-01-11 16:58:08,075 - GuangdongRecrawler - INFO - 广东API第67/80页，获取500条记录
2026-01-11 16:58:08,075 - GuangdongRecrawler - INFO - 请求广东API第68页...
2026-01-11 16:58:09,642 - GuangdongRecrawler - INFO - 广东API第68/80页，获取500条记录
2026-01-11 16:58:09,642 - GuangdongRecrawler - INFO - 请求广东API第69页...
2026-01-11 16:58:12,208 - GuangdongRecrawler - INFO - 广东API第69/80页，获取500条记录
2026-01-11 16:58:12,208 - GuangdongRecrawler - INFO - 请求广东API第70页...
2026-01-11 16:58:13,757 - GuangdongRecrawler - INFO - 广东API第70/80页，获取500条记录
2026-01-11 16:58:13,758 - GuangdongRecrawler - INFO - 请求广东API第71页...
2026-01-11 16:58:15,312 - GuangdongRecrawler - INFO - 广东API第71/80页，获取500条记录
2026-01-11 16:58:15,312 - GuangdongRecrawler - INFO - 请求广东API第72页...
2026-01-11 16:58:17,101 - GuangdongRecrawler - INFO - 广东API第72/80页，获取500条记录
2026-01-11 16:58:17,101 - GuangdongRecrawler - INFO - 请求广东API第73页...
2026-01-11 16:58:18,950 - GuangdongRecrawler - INFO - 广东API第73/80页，获取500条记录
2026-01-11 16:58:18,951 - GuangdongRecrawler - INFO - 请求广东API第74页...
2026-01-11 16:58:20,497 - GuangdongRecrawler - INFO - 广东API第74/80页，获取500条记录
2026-01-11 16:58:20,497 - GuangdongRecrawler - INFO - 请求广东API第75页...
2026-01-11 16:58:21,962 - GuangdongRecrawler - INFO - 广东API第75/80页，获取500条记录
2026-01-11 16:58:21,962 - GuangdongRecrawler - INFO - 请求广东API第76页...
2026-01-11 16:58:23,290 - GuangdongRecrawler - INFO - 广东API第76/80页，获取500条记录
2026-01-11 16:58:23,291 - GuangdongRecrawler - INFO - 请求广东API第77页...
2026-01-11 16:58:24,536 - GuangdongRecrawler - INFO - 广东API第77/80页，获取500条记录
2026-01-11 16:58:24,536 - GuangdongRecrawler - INFO - 请求广东API第78页...
2026-01-11 16:58:26,012 - GuangdongRecrawler - INFO - 广东API第78/80页，获取500条记录
2026-01-11 16:58:26,013 - GuangdongRecrawler - INFO - 请求广东API第79页...
2026-01-11 16:58:27,417 - GuangdongRecrawler - INFO - 广东API第79/80页，获取500条记录
2026-01-11 16:58:27,418 - GuangdongRecrawler - INFO - 请求广东API第80页...
2026-01-11 16:58:28,574 - GuangdongRecrawler - INFO - 广东API第80/80页，获取199条记录
2026-01-11 16:58:28,574 - GuangdongRecrawler - INFO - 成功从广东API获取39698个drug_code
2026-01-11 16:58:28,578 - GuangdongRecrawler - INFO - 共发现1973个缺失的drug_code
2026-01-11 16:58:28,588 - check_all_spiders - INFO - 
=== 检查hainan爬虫 ===
2026-01-11 16:58:28,588 - HainanRecrawler - INFO - 开始查找缺失数据...
2026-01-11 16:58:28,588 - HainanRecrawler - INFO - 从数据库获取drug_shop_hainan_test表中的现有drug_code...
2026-01-11 16:58:28,689 - HainanRecrawler - INFO - 成功获取17045个现有drug_code
2026-01-11 16:58:28,689 - HainanRecrawler - INFO - 开始从海南API获取所有drug_code...
2026-01-11 16:58:28,689 - HainanRecrawler - INFO - 请求海南API第1页...
2026-01-11 16:58:33,629 - HainanRecrawler - ERROR - 请求海南API失败: 403 Client Error: Forbidden for url: https://ybj.hainan.gov.cn/tps-local/local/web/std/drugStore/getDrugStore?current=1&size=500&prodName=
2026-01-11 16:58:33,629 - HainanRecrawler - INFO - 成功从海南API获取0个drug_code
2026-01-11 16:58:33,629 - HainanRecrawler - INFO - 共发现0个缺失的drug_code
2026-01-11 16:58:33,642 - check_all_spiders - INFO - 
=== 检查tianjin爬虫 ===
2026-01-11 16:58:33,642 - TianjinRecrawler - INFO - 开始查找缺失数据...
2026-01-11 16:58:33,643 - TianjinRecrawler - INFO - 从数据库获取drug_hospital_tianjin_test表中的现有med_id...
2026-01-11 16:58:33,691 - TianjinRecrawler - INFO - 成功获取7344个现有med_id
2026-01-11 16:58:33,691 - TianjinRecrawler - INFO - 开始从天津API获取所有med_id...
2026-01-11 16:58:33,691 - TianjinRecrawler - WARNING - 天津API需要验证码，暂时无法自动获取所有med_id
2026-01-11 16:58:33,691 - TianjinRecrawler - INFO - 共发现0个缺失的med_id
2026-01-11 16:58:33,699 - check_all_spiders - INFO - 
=== 检查liaoning爬虫 ===
2026-01-11 16:58:33,700 - LiaoningRecrawler - INFO - 开始查找缺失数据...
2026-01-11 16:58:33,700 - LiaoningRecrawler - INFO - 从数据库获取drug_hospital_liaoning_test表中的现有ProductName...
2026-01-11 16:58:36,575 - LiaoningRecrawler - INFO - 成功获取5318个现有ProductName
2026-01-11 16:58:36,576 - LiaoningRecrawler - INFO - 开始从辽宁API获取所有ProductName...
2026-01-11 16:58:36,576 - LiaoningRecrawler - WARNING - 辽宁API是基于关键词的，暂时无法自动获取所有ProductName
2026-01-11 16:58:36,576 - LiaoningRecrawler - INFO - 共发现0个缺失的ProductName
2026-01-11 16:58:36,583 - check_all_spiders - INFO - 
=== 检查ningxia爬虫 ===
2026-01-11 16:58:36,583 - NingxiaRecrawler - INFO - 开始查找缺失数据...
2026-01-11 16:58:36,583 - NingxiaRecrawler - INFO - 从数据库获取drug_hospital_ningxia_test表中的现有procurecatalogId...
2026-01-11 16:58:36,590 - NingxiaRecrawler - INFO - 成功获取147个现有procurecatalogId
2026-01-11 16:58:36,590 - NingxiaRecrawler - INFO - 开始从宁夏API获取所有procurecatalogId...
2026-01-11 16:58:36,590 - NingxiaRecrawler - INFO - 请求宁夏API第1页...
2026-01-11 16:58:39,540 - NingxiaRecrawler - INFO - 宁夏API第1页，获取100条记录，总计29条
2026-01-11 16:58:39,541 - NingxiaRecrawler - INFO - 成功从宁夏API获取41个procurecatalogId
2026-01-11 16:58:39,541 - NingxiaRecrawler - INFO - 共发现41个缺失的procurecatalogId
2026-01-11 16:58:39,548 - check_all_spiders - INFO - 
=== 检查hebei爬虫 ===
2026-01-11 16:58:39,548 - HebeiRecrawler - INFO - 开始查找缺失数据...
2026-01-11 16:58:39,548 - HebeiRecrawler - INFO - 从数据库获取drug_hospital_hebei_test表中的现有prodCode...
2026-01-11 16:58:39,613 - HebeiRecrawler - INFO - 成功获取30168个现有prodCode
2026-01-11 16:58:39,613 - HebeiRecrawler - INFO - 开始从河北API获取所有prodCode...
2026-01-11 16:58:39,613 - HebeiRecrawler - INFO - 请求河北API第1页...
2026-01-11 16:59:09,632 - HebeiRecrawler - ERROR - 请求河北API失败: HTTPSConnectionPool(host='ylbzj.hebei.gov.cn', port=443): Read timed out. (read timeout=30)
2026-01-11 16:59:09,633 - HebeiRecrawler - INFO - 成功从河北API获取0个prodCode
2026-01-11 16:59:09,633 - HebeiRecrawler - INFO - 共发现0个缺失的prodCode
2026-01-11 16:59:09,642 - check_all_spiders - INFO - 
=== 补采检查报告 ===
2026-01-11 16:59:09,643 - check_all_spiders - INFO - fujian: 缺失228条数据
2026-01-11 16:59:09,643 - check_all_spiders - INFO -   示例: ['HXUDP000000000000MED0000156519', 'HXUDP000000000000MED0000155410', 'ZA12BAF0354020102140', 'XR05CBA198N001010202058', 'HX20230407000031']
2026-01-11 16:59:09,643 - check_all_spiders - INFO - guangdong: 缺失1973条数据
2026-01-11 16:59:09,643 - check_all_spiders - INFO -   示例: ['XB05BBP072B002162604127', 'ZA17AAJ0283010502119', 'XR05FBF273A001020105460', 'XM03BBL419A006010104010', 'XB05BBP072B002030704634']
2026-01-11 16:59:09,643 - check_all_spiders - INFO - hainan: 缺失0条数据
2026-01-11 16:59:09,643 - check_all_spiders - INFO - tianjin: 缺失0条数据
2026-01-11 16:59:09,643 - check_all_spiders - INFO - liaoning: 缺失0条数据
2026-01-11 16:59:09,643 - check_all_spiders - INFO - ningxia: 缺失41条数据
2026-01-11 16:59:09,643 - check_all_spiders - INFO -   示例: [11264, 10000, 10006, 10019, 10020]
2026-01-11 16:59:09,643 - check_all_spiders - INFO - hebei: 缺失0条数据
2026-01-11 16:59:30,908 - recrawl_spider - INFO - 开始执行fujian爬虫的补采...
2026-01-11 16:59:30,908 - FujianRecrawler - INFO - 开始执行福建爬虫补采...
2026-01-11 16:59:30,908 - FujianRecrawler - INFO - 开始查找缺失数据...
2026-01-11 16:59:30,908 - FujianRecrawler - INFO - 从数据库获取drug_hospital_fujian_test表中的现有ext_code...
2026-01-11 16:59:31,096 - FujianRecrawler - INFO - 成功获取32838个现有ext_code
2026-01-11 16:59:31,096 - FujianRecrawler - INFO - 开始从福建API获取所有ext_code...
2026-01-11 16:59:31,096 - FujianRecrawler - INFO - 请求福建API第1页...
2026-01-11 16:59:35,015 - FujianRecrawler - INFO - 福建API第1/34页，获取1000条记录
2026-01-11 16:59:35,015 - FujianRecrawler - INFO - 请求福建API第2页...
2026-01-11 16:59:36,322 - FujianRecrawler - INFO - 福建API第2/34页，获取1000条记录
2026-01-11 16:59:36,323 - FujianRecrawler - INFO - 请求福建API第3页...
2026-01-11 16:59:37,836 - FujianRecrawler - INFO - 福建API第3/34页，获取1000条记录
2026-01-11 16:59:37,837 - FujianRecrawler - INFO - 请求福建API第4页...
2026-01-11 16:59:39,218 - FujianRecrawler - INFO - 福建API第4/34页，获取1000条记录
2026-01-11 16:59:39,219 - FujianRecrawler - INFO - 请求福建API第5页...
2026-01-11 16:59:40,294 - FujianRecrawler - INFO - 福建API第5/34页，获取1000条记录
2026-01-11 16:59:40,294 - FujianRecrawler - INFO - 请求福建API第6页...
2026-01-11 16:59:41,426 - FujianRecrawler - INFO - 福建API第6/34页，获取1000条记录
2026-01-11 16:59:41,426 - FujianRecrawler - INFO - 请求福建API第7页...
2026-01-11 16:59:42,713 - FujianRecrawler - INFO - 福建API第7/34页，获取1000条记录
2026-01-11 16:59:42,713 - FujianRecrawler - INFO - 请求福建API第8页...
2026-01-11 16:59:44,081 - FujianRecrawler - INFO - 福建API第8/34页，获取1000条记录
2026-01-11 16:59:44,082 - FujianRecrawler - INFO - 请求福建API第9页...
2026-01-11 16:59:45,474 - FujianRecrawler - INFO - 福建API第9/34页，获取1000条记录
2026-01-11 16:59:45,475 - FujianRecrawler - INFO - 请求福建API第10页...
2026-01-11 16:59:46,894 - FujianRecrawler - INFO - 福建API第10/34页，获取1000条记录
2026-01-11 16:59:46,894 - FujianRecrawler - INFO - 请求福建API第11页...
2026-01-11 16:59:48,429 - FujianRecrawler - INFO - 福建API第11/34页，获取1000条记录
2026-01-11 16:59:48,429 - FujianRecrawler - INFO - 请求福建API第12页...
2026-01-11 16:59:50,006 - FujianRecrawler - INFO - 福建API第12/34页，获取1000条记录
2026-01-11 16:59:50,006 - FujianRecrawler - INFO - 请求福建API第13页...
2026-01-11 16:59:51,363 - FujianRecrawler - INFO - 福建API第13/34页，获取1000条记录
2026-01-11 16:59:51,364 - FujianRecrawler - INFO - 请求福建API第14页...
2026-01-11 16:59:52,954 - FujianRecrawler - INFO - 福建API第14/34页，获取1000条记录
2026-01-11 16:59:52,955 - FujianRecrawler - INFO - 请求福建API第15页...
2026-01-11 16:59:54,441 - FujianRecrawler - INFO - 福建API第15/34页，获取1000条记录
2026-01-11 16:59:54,441 - FujianRecrawler - INFO - 请求福建API第16页...
2026-01-11 16:59:56,270 - FujianRecrawler - INFO - 福建API第16/34页，获取1000条记录
2026-01-11 16:59:56,271 - FujianRecrawler - INFO - 请求福建API第17页...
2026-01-11 16:59:57,674 - FujianRecrawler - INFO - 福建API第17/34页，获取1000条记录
2026-01-11 16:59:57,675 - FujianRecrawler - INFO - 请求福建API第18页...
2026-01-11 16:59:59,206 - FujianRecrawler - INFO - 福建API第18/34页，获取1000条记录
2026-01-11 16:59:59,207 - FujianRecrawler - INFO - 请求福建API第19页...
2026-01-11 17:00:02,290 - FujianRecrawler - INFO - 福建API第19/34页，获取1000条记录
2026-01-11 17:00:02,291 - FujianRecrawler - INFO - 请求福建API第20页...
2026-01-11 17:00:04,749 - FujianRecrawler - INFO - 福建API第20/34页，获取1000条记录
2026-01-11 17:00:04,751 - FujianRecrawler - INFO - 请求福建API第21页...
2026-01-11 17:00:06,063 - FujianRecrawler - INFO - 福建API第21/34页，获取1000条记录
2026-01-11 17:00:06,064 - FujianRecrawler - INFO - 请求福建API第22页...
2026-01-11 17:00:07,759 - FujianRecrawler - INFO - 福建API第22/34页，获取1000条记录
2026-01-11 17:00:07,759 - FujianRecrawler - INFO - 请求福建API第23页...
2026-01-11 17:00:09,554 - FujianRecrawler - INFO - 福建API第23/34页，获取1000条记录
2026-01-11 17:00:09,554 - FujianRecrawler - INFO - 请求福建API第24页...
2026-01-11 17:00:11,138 - FujianRecrawler - INFO - 福建API第24/34页，获取1000条记录
2026-01-11 17:00:11,139 - FujianRecrawler - INFO - 请求福建API第25页...
2026-01-11 17:00:12,550 - FujianRecrawler - INFO - 福建API第25/34页，获取1000条记录
2026-01-11 17:00:12,551 - FujianRecrawler - INFO - 请求福建API第26页...
2026-01-11 17:00:14,091 - FujianRecrawler - INFO - 福建API第26/34页，获取1000条记录
2026-01-11 17:00:14,092 - FujianRecrawler - INFO - 请求福建API第27页...
2026-01-11 17:00:15,662 - FujianRecrawler - INFO - 福建API第27/34页，获取1000条记录
2026-01-11 17:00:15,663 - FujianRecrawler - INFO - 请求福建API第28页...
2026-01-11 17:00:17,136 - FujianRecrawler - INFO - 福建API第28/34页，获取1000条记录
2026-01-11 17:00:17,136 - FujianRecrawler - INFO - 请求福建API第29页...
2026-01-11 17:00:18,591 - FujianRecrawler - INFO - 福建API第29/34页，获取1000条记录
2026-01-11 17:00:18,591 - FujianRecrawler - INFO - 请求福建API第30页...
2026-01-11 17:00:20,023 - FujianRecrawler - INFO - 福建API第30/34页，获取1000条记录
2026-01-11 17:00:20,023 - FujianRecrawler - INFO - 请求福建API第31页...
2026-01-11 17:00:21,938 - FujianRecrawler - INFO - 福建API第31/34页，获取1000条记录
2026-01-11 17:00:21,939 - FujianRecrawler - INFO - 请求福建API第32页...
2026-01-11 17:00:23,564 - FujianRecrawler - INFO - 福建API第32/34页，获取1000条记录
2026-01-11 17:00:23,565 - FujianRecrawler - INFO - 请求福建API第33页...
2026-01-11 17:00:25,401 - FujianRecrawler - INFO - 福建API第33/34页，获取1000条记录
2026-01-11 17:00:25,401 - FujianRecrawler - INFO - 请求福建API第34页...
2026-01-11 17:00:26,356 - FujianRecrawler - INFO - 福建API第34/34页，获取48条记录
2026-01-11 17:00:26,356 - FujianRecrawler - INFO - 成功从福建API获取33048个ext_code
2026-01-11 17:00:26,358 - FujianRecrawler - INFO - 共发现228个缺失的ext_code
2026-01-11 17:00:26,359 - FujianRecrawler - INFO - 福建爬虫需要补采228条数据
2026-01-11 17:00:26,359 - FujianRecrawler - INFO - 缺失的ext_code示例: ['HX20241121000092', 'ZA12BAF0354030102173', 'XG03DAH056B002010200874', 'ZA12BAF0354030103425', 'XR05CBA198N001010403010', 'ZA12BAF0354010100441', 'HX20230407000031', 'HXUDP000000000000MED0000297492', 'ZA12BAF0354010500312', 'XL04ADH033X001010104520']
2026-01-11 17:00:26,359 - recrawl_spider - INFO - fujian爬虫补采完成，补采了228条数据
2026-01-11 17:12:23,926 - FujianRecrawler - INFO - 开始查找缺失数据...
2026-01-11 17:12:23,928 - FujianRecrawler - INFO - 从数据库获取drug_hospital_fujian_test表中的现有ext_code...
2026-01-11 17:12:24,114 - FujianRecrawler - INFO - 成功获取32838个现有ext_code
2026-01-11 17:12:24,114 - FujianRecrawler - INFO - 开始从福建API获取所有ext_code...
2026-01-11 17:12:24,114 - FujianRecrawler - INFO - 请求福建API第1页...
2026-01-11 17:12:28,459 - FujianRecrawler - INFO - 福建API第1/34页，获取1000条记录
2026-01-11 17:12:28,460 - FujianRecrawler - INFO - 请求福建API第2页...
2026-01-11 17:12:30,355 - FujianRecrawler - INFO - 福建API第2/34页，获取1000条记录
2026-01-11 17:12:30,355 - FujianRecrawler - INFO - 请求福建API第3页...
2026-01-11 17:12:32,142 - FujianRecrawler - INFO - 福建API第3/34页，获取1000条记录
2026-01-11 17:12:32,143 - FujianRecrawler - INFO - 请求福建API第4页...
2026-01-11 17:12:33,664 - FujianRecrawler - INFO - 福建API第4/34页，获取1000条记录
2026-01-11 17:12:33,665 - FujianRecrawler - INFO - 请求福建API第5页...
2026-01-11 17:12:35,206 - FujianRecrawler - INFO - 福建API第5/34页，获取1000条记录
2026-01-11 17:12:35,207 - FujianRecrawler - INFO - 请求福建API第6页...
2026-01-11 17:12:36,926 - FujianRecrawler - INFO - 福建API第6/34页，获取1000条记录
2026-01-11 17:12:36,927 - FujianRecrawler - INFO - 请求福建API第7页...
2026-01-11 17:12:38,807 - FujianRecrawler - INFO - 福建API第7/34页，获取1000条记录
2026-01-11 17:12:38,807 - FujianRecrawler - INFO - 请求福建API第8页...
2026-01-11 17:12:40,728 - FujianRecrawler - INFO - 福建API第8/34页，获取1000条记录
2026-01-11 17:12:40,729 - FujianRecrawler - INFO - 请求福建API第9页...
2026-01-11 17:12:42,495 - FujianRecrawler - INFO - 福建API第9/34页，获取1000条记录
2026-01-11 17:12:42,495 - FujianRecrawler - INFO - 请求福建API第10页...
2026-01-11 17:12:45,518 - FujianRecrawler - INFO - 福建API第10/34页，获取1000条记录
2026-01-11 17:12:45,519 - FujianRecrawler - INFO - 请求福建API第11页...
2026-01-11 17:12:47,912 - FujianRecrawler - INFO - 福建API第11/34页，获取1000条记录
2026-01-11 17:12:47,913 - FujianRecrawler - INFO - 请求福建API第12页...
2026-01-11 17:12:49,894 - FujianRecrawler - INFO - 福建API第12/34页，获取1000条记录
2026-01-11 17:12:49,895 - FujianRecrawler - INFO - 请求福建API第13页...
2026-01-11 17:12:51,672 - FujianRecrawler - INFO - 福建API第13/34页，获取1000条记录
2026-01-11 17:12:51,673 - FujianRecrawler - INFO - 请求福建API第14页...
2026-01-11 17:12:53,753 - FujianRecrawler - INFO - 福建API第14/34页，获取1000条记录
2026-01-11 17:12:53,753 - FujianRecrawler - INFO - 请求福建API第15页...
2026-01-11 17:12:55,253 - FujianRecrawler - INFO - 福建API第15/34页，获取1000条记录
2026-01-11 17:12:55,254 - FujianRecrawler - INFO - 请求福建API第16页...
2026-01-11 17:12:56,787 - FujianRecrawler - INFO - 福建API第16/34页，获取1000条记录
2026-01-11 17:12:56,788 - FujianRecrawler - INFO - 请求福建API第17页...
2026-01-11 17:12:58,432 - FujianRecrawler - INFO - 福建API第17/34页，获取1000条记录
2026-01-11 17:12:58,434 - FujianRecrawler - INFO - 请求福建API第18页...
2026-01-11 17:13:00,071 - FujianRecrawler - INFO - 福建API第18/34页，获取1000条记录
2026-01-11 17:13:00,071 - FujianRecrawler - INFO - 请求福建API第19页...
2026-01-11 17:13:01,686 - FujianRecrawler - INFO - 福建API第19/34页，获取1000条记录
2026-01-11 17:13:01,686 - FujianRecrawler - INFO - 请求福建API第20页...
2026-01-11 17:13:04,131 - FujianRecrawler - INFO - 福建API第20/34页，获取1000条记录
2026-01-11 17:13:04,132 - FujianRecrawler - INFO - 请求福建API第21页...
2026-01-11 17:13:06,225 - FujianRecrawler - INFO - 福建API第21/34页，获取1000条记录
2026-01-11 17:13:06,226 - FujianRecrawler - INFO - 请求福建API第22页...
2026-01-11 17:13:08,381 - FujianRecrawler - INFO - 福建API第22/34页，获取1000条记录
2026-01-11 17:13:08,382 - FujianRecrawler - INFO - 请求福建API第23页...
2026-01-11 17:13:11,345 - FujianRecrawler - INFO - 福建API第23/34页，获取1000条记录
2026-01-11 17:13:11,345 - FujianRecrawler - INFO - 请求福建API第24页...
2026-01-11 17:13:14,515 - FujianRecrawler - INFO - 福建API第24/34页，获取1000条记录
2026-01-11 17:13:14,516 - FujianRecrawler - INFO - 请求福建API第25页...
2026-01-11 17:13:17,564 - FujianRecrawler - INFO - 福建API第25/34页，获取1000条记录
2026-01-11 17:13:17,564 - FujianRecrawler - INFO - 请求福建API第26页...
2026-01-11 17:13:20,176 - FujianRecrawler - INFO - 福建API第26/34页，获取1000条记录
2026-01-11 17:13:20,176 - FujianRecrawler - INFO - 请求福建API第27页...
2026-01-11 17:13:22,791 - FujianRecrawler - INFO - 福建API第27/34页，获取1000条记录
2026-01-11 17:13:22,791 - FujianRecrawler - INFO - 请求福建API第28页...
2026-01-11 17:13:25,504 - FujianRecrawler - INFO - 福建API第28/34页，获取1000条记录
2026-01-11 17:13:25,505 - FujianRecrawler - INFO - 请求福建API第29页...
2026-01-11 17:13:28,036 - FujianRecrawler - INFO - 福建API第29/34页，获取1000条记录
2026-01-11 17:13:28,036 - FujianRecrawler - INFO - 请求福建API第30页...
2026-01-11 17:13:30,994 - FujianRecrawler - INFO - 福建API第30/34页，获取1000条记录
2026-01-11 17:13:30,995 - FujianRecrawler - INFO - 请求福建API第31页...
2026-01-11 17:13:33,345 - FujianRecrawler - INFO - 福建API第31/34页，获取1000条记录
2026-01-11 17:13:33,346 - FujianRecrawler - INFO - 请求福建API第32页...
2026-01-11 17:13:35,887 - FujianRecrawler - INFO - 福建API第32/34页，获取1000条记录
2026-01-11 17:13:35,887 - FujianRecrawler - INFO - 请求福建API第33页...
2026-01-11 17:13:39,524 - FujianRecrawler - INFO - 福建API第33/34页，获取1000条记录
2026-01-11 17:13:39,525 - FujianRecrawler - INFO - 请求福建API第34页...
2026-01-11 17:13:40,784 - FujianRecrawler - INFO - 福建API第34/34页，获取48条记录
2026-01-11 17:13:40,785 - FujianRecrawler - INFO - 成功从福建API获取33048个ext_code
2026-01-11 17:13:40,790 - FujianRecrawler - INFO - 共发现228个缺失的ext_code
2026-01-11 17:13:46,079 - recrawl_spider - INFO - 开始执行fujian爬虫的补采...
2026-01-11 17:13:46,079 - FujianRecrawler - INFO - 开始执行福建爬虫补采...
2026-01-11 17:13:46,080 - FujianRecrawler - INFO - 开始查找缺失数据...
2026-01-11 17:13:46,080 - FujianRecrawler - INFO - 从数据库获取drug_hospital_fujian_test表中的现有ext_code...
2026-01-11 17:13:46,225 - FujianRecrawler - INFO - 成功获取32838个现有ext_code
2026-01-11 17:13:46,225 - FujianRecrawler - INFO - 开始从福建API获取所有ext_code...
2026-01-11 17:13:46,225 - FujianRecrawler - INFO - 请求福建API第1页...
2026-01-11 17:13:48,940 - FujianRecrawler - INFO - 福建API第1/34页，获取1000条记录
2026-01-11 17:13:48,941 - FujianRecrawler - INFO - 请求福建API第2页...
2026-01-11 17:13:50,991 - FujianRecrawler - INFO - 福建API第2/34页，获取1000条记录
2026-01-11 17:13:50,992 - FujianRecrawler - INFO - 请求福建API第3页...
2026-01-11 17:13:53,123 - FujianRecrawler - INFO - 福建API第3/34页，获取1000条记录
2026-01-11 17:13:53,123 - FujianRecrawler - INFO - 请求福建API第4页...
2026-01-11 17:13:55,011 - FujianRecrawler - INFO - 福建API第4/34页，获取1000条记录
2026-01-11 17:13:55,011 - FujianRecrawler - INFO - 请求福建API第5页...
2026-01-11 17:13:56,701 - FujianRecrawler - INFO - 福建API第5/34页，获取1000条记录
2026-01-11 17:13:56,702 - FujianRecrawler - INFO - 请求福建API第6页...
2026-01-11 17:13:58,639 - FujianRecrawler - INFO - 福建API第6/34页，获取1000条记录
2026-01-11 17:13:58,639 - FujianRecrawler - INFO - 请求福建API第7页...
2026-01-11 17:14:00,350 - FujianRecrawler - INFO - 福建API第7/34页，获取1000条记录
2026-01-11 17:14:00,351 - FujianRecrawler - INFO - 请求福建API第8页...
2026-01-11 17:14:03,520 - FujianRecrawler - INFO - 福建API第8/34页，获取1000条记录
2026-01-11 17:14:03,520 - FujianRecrawler - INFO - 请求福建API第9页...
2026-01-11 17:14:05,983 - FujianRecrawler - INFO - 福建API第9/34页，获取1000条记录
2026-01-11 17:14:05,983 - FujianRecrawler - INFO - 请求福建API第10页...
2026-01-11 17:14:08,147 - FujianRecrawler - INFO - 福建API第10/34页，获取1000条记录
2026-01-11 17:14:08,148 - FujianRecrawler - INFO - 请求福建API第11页...
2026-01-11 17:14:10,227 - FujianRecrawler - INFO - 福建API第11/34页，获取1000条记录
2026-01-11 17:14:10,227 - FujianRecrawler - INFO - 请求福建API第12页...
2026-01-11 17:14:12,609 - FujianRecrawler - INFO - 福建API第12/34页，获取1000条记录
2026-01-11 17:14:12,609 - FujianRecrawler - INFO - 请求福建API第13页...
2026-01-11 17:14:14,538 - FujianRecrawler - INFO - 福建API第13/34页，获取1000条记录
2026-01-11 17:14:14,538 - FujianRecrawler - INFO - 请求福建API第14页...
2026-01-11 17:14:16,499 - FujianRecrawler - INFO - 福建API第14/34页，获取1000条记录
2026-01-11 17:14:16,499 - FujianRecrawler - INFO - 请求福建API第15页...
2026-01-11 17:14:18,498 - FujianRecrawler - INFO - 福建API第15/34页，获取1000条记录
2026-01-11 17:14:18,499 - FujianRecrawler - INFO - 请求福建API第16页...
2026-01-11 17:14:20,579 - FujianRecrawler - INFO - 福建API第16/34页，获取1000条记录
2026-01-11 17:14:20,580 - FujianRecrawler - INFO - 请求福建API第17页...
2026-01-11 17:14:22,632 - FujianRecrawler - INFO - 福建API第17/34页，获取1000条记录
2026-01-11 17:14:22,632 - FujianRecrawler - INFO - 请求福建API第18页...
2026-01-11 17:14:25,011 - FujianRecrawler - INFO - 福建API第18/34页，获取1000条记录
2026-01-11 17:14:25,012 - FujianRecrawler - INFO - 请求福建API第19页...
2026-01-11 17:14:26,926 - FujianRecrawler - INFO - 福建API第19/34页，获取1000条记录
2026-01-11 17:14:26,926 - FujianRecrawler - INFO - 请求福建API第20页...
2026-01-11 17:14:28,541 - FujianRecrawler - INFO - 福建API第20/34页，获取1000条记录
2026-01-11 17:14:28,542 - FujianRecrawler - INFO - 请求福建API第21页...
2026-01-11 17:14:30,331 - FujianRecrawler - INFO - 福建API第21/34页，获取1000条记录
2026-01-11 17:14:30,331 - FujianRecrawler - INFO - 请求福建API第22页...
2026-01-11 17:14:32,019 - FujianRecrawler - INFO - 福建API第22/34页，获取1000条记录
2026-01-11 17:14:32,020 - FujianRecrawler - INFO - 请求福建API第23页...
2026-01-11 17:14:33,785 - FujianRecrawler - INFO - 福建API第23/34页，获取1000条记录
2026-01-11 17:14:33,785 - FujianRecrawler - INFO - 请求福建API第24页...
2026-01-11 17:14:35,434 - FujianRecrawler - INFO - 福建API第24/34页，获取1000条记录
2026-01-11 17:14:35,435 - FujianRecrawler - INFO - 请求福建API第25页...
2026-01-11 17:14:37,051 - FujianRecrawler - INFO - 福建API第25/34页，获取1000条记录
2026-01-11 17:14:37,052 - FujianRecrawler - INFO - 请求福建API第26页...
2026-01-11 17:14:38,886 - FujianRecrawler - INFO - 福建API第26/34页，获取1000条记录
2026-01-11 17:14:38,887 - FujianRecrawler - INFO - 请求福建API第27页...
2026-01-11 17:14:40,618 - FujianRecrawler - INFO - 福建API第27/34页，获取1000条记录
2026-01-11 17:14:40,619 - FujianRecrawler - INFO - 请求福建API第28页...
2026-01-11 17:14:42,454 - FujianRecrawler - INFO - 福建API第28/34页，获取1000条记录
2026-01-11 17:14:42,455 - FujianRecrawler - INFO - 请求福建API第29页...
2026-01-11 17:14:44,245 - FujianRecrawler - INFO - 福建API第29/34页，获取1000条记录
2026-01-11 17:14:44,245 - FujianRecrawler - INFO - 请求福建API第30页...
2026-01-11 17:14:45,905 - FujianRecrawler - INFO - 福建API第30/34页，获取1000条记录
2026-01-11 17:14:45,906 - FujianRecrawler - INFO - 请求福建API第31页...
2026-01-11 17:14:47,949 - FujianRecrawler - INFO - 福建API第31/34页，获取1000条记录
2026-01-11 17:14:47,950 - FujianRecrawler - INFO - 请求福建API第32页...
2026-01-11 17:14:49,676 - FujianRecrawler - INFO - 福建API第32/34页，获取1000条记录
2026-01-11 17:14:49,676 - FujianRecrawler - INFO - 请求福建API第33页...
2026-01-11 17:14:52,072 - FujianRecrawler - INFO - 福建API第33/34页，获取1000条记录
2026-01-11 17:14:52,073 - FujianRecrawler - INFO - 请求福建API第34页...
2026-01-11 17:14:53,457 - FujianRecrawler - INFO - 福建API第34/34页，获取48条记录
2026-01-11 17:14:53,458 - FujianRecrawler - INFO - 成功从福建API获取33048个ext_code
2026-01-11 17:14:53,464 - FujianRecrawler - INFO - 共发现228个缺失的ext_code
2026-01-11 17:14:53,470 - FujianRecrawler - INFO - 福建爬虫需要补采228条数据
2026-01-11 17:14:53,470 - FujianRecrawler - INFO - 缺失的ext_code示例: ['HX20230129000009', 'HX20240430000011', 'XA12BAM074B002010204127', 'HX20251124000019', 'HX20251201000023', 'HX20241205000005', 'HXUDP000000000000MED0000297791', 'ZA12BAF0354020102173', 'HXUDP000000000000MED1591523074', 'HX20240607000011']
2026-01-11 17:14:53,470 - recrawl_spider - INFO - fujian爬虫补采完成，补采了228条数据
2026-01-11 17:23:34,304 - check_all_spiders - INFO - 开始检查所有爬虫的缺失情况...
2026-01-11 17:23:34,305 - check_all_spiders - INFO - 
=== 检查fujian爬虫 ===
2026-01-11 17:23:34,305 - FujianRecrawler - INFO - 开始查找缺失数据...
2026-01-11 17:23:34,305 - FujianRecrawler - INFO - 从数据库获取drug_hospital_fujian_test表中的现有ext_code...
2026-01-11 17:23:34,492 - FujianRecrawler - INFO - 成功获取32838个现有ext_code
2026-01-11 17:23:34,492 - FujianRecrawler - INFO - 开始从福建API获取所有ext_code...
2026-01-11 17:23:34,492 - FujianRecrawler - INFO - 请求福建API第1页...
2026-01-11 17:23:38,387 - FujianRecrawler - INFO - 福建API第1/34页，获取1000条记录
2026-01-11 17:23:38,387 - FujianRecrawler - INFO - 请求福建API第2页...
2026-01-11 17:23:39,779 - FujianRecrawler - INFO - 福建API第2/34页，获取1000条记录
2026-01-11 17:23:39,780 - FujianRecrawler - INFO - 请求福建API第3页...
2026-01-11 17:23:41,477 - FujianRecrawler - INFO - 福建API第3/34页，获取1000条记录
2026-01-11 17:23:41,478 - FujianRecrawler - INFO - 请求福建API第4页...
2026-01-11 17:23:42,860 - FujianRecrawler - INFO - 福建API第4/34页，获取1000条记录
2026-01-11 17:23:42,861 - FujianRecrawler - INFO - 请求福建API第5页...
2026-01-11 17:23:44,230 - FujianRecrawler - INFO - 福建API第5/34页，获取1000条记录
2026-01-11 17:23:44,230 - FujianRecrawler - INFO - 请求福建API第6页...
2026-01-11 17:23:45,716 - FujianRecrawler - INFO - 福建API第6/34页，获取1000条记录
2026-01-11 17:23:45,717 - FujianRecrawler - INFO - 请求福建API第7页...
2026-01-11 17:23:47,206 - FujianRecrawler - INFO - 福建API第7/34页，获取1000条记录
2026-01-11 17:23:47,207 - FujianRecrawler - INFO - 请求福建API第8页...
2026-01-11 17:23:48,667 - FujianRecrawler - INFO - 福建API第8/34页，获取1000条记录
2026-01-11 17:23:48,668 - FujianRecrawler - INFO - 请求福建API第9页...
2026-01-11 17:23:50,067 - FujianRecrawler - INFO - 福建API第9/34页，获取1000条记录
2026-01-11 17:23:50,068 - FujianRecrawler - INFO - 请求福建API第10页...
2026-01-11 17:23:51,554 - FujianRecrawler - INFO - 福建API第10/34页，获取1000条记录
2026-01-11 17:23:51,555 - FujianRecrawler - INFO - 请求福建API第11页...
2026-01-11 17:23:53,103 - FujianRecrawler - INFO - 福建API第11/34页，获取1000条记录
2026-01-11 17:23:53,103 - FujianRecrawler - INFO - 请求福建API第12页...
2026-01-11 17:23:54,516 - FujianRecrawler - INFO - 福建API第12/34页，获取1000条记录
2026-01-11 17:23:54,516 - FujianRecrawler - INFO - 请求福建API第13页...
2026-01-11 17:23:56,164 - FujianRecrawler - INFO - 福建API第13/34页，获取1000条记录
2026-01-11 17:23:56,164 - FujianRecrawler - INFO - 请求福建API第14页...
2026-01-11 17:23:57,904 - FujianRecrawler - INFO - 福建API第14/34页，获取1000条记录
2026-01-11 17:23:57,905 - FujianRecrawler - INFO - 请求福建API第15页...
2026-01-11 17:23:59,227 - FujianRecrawler - INFO - 福建API第15/34页，获取1000条记录
2026-01-11 17:23:59,228 - FujianRecrawler - INFO - 请求福建API第16页...
2026-01-11 17:24:02,193 - FujianRecrawler - INFO - 福建API第16/34页，获取1000条记录
2026-01-11 17:24:02,194 - FujianRecrawler - INFO - 请求福建API第17页...
2026-01-11 17:24:03,597 - FujianRecrawler - INFO - 福建API第17/34页，获取1000条记录
2026-01-11 17:24:03,598 - FujianRecrawler - INFO - 请求福建API第18页...
2026-01-11 17:24:05,376 - FujianRecrawler - INFO - 福建API第18/34页，获取1000条记录
2026-01-11 17:24:05,377 - FujianRecrawler - INFO - 请求福建API第19页...
2026-01-11 17:24:07,450 - FujianRecrawler - INFO - 福建API第19/34页，获取1000条记录
2026-01-11 17:24:07,451 - FujianRecrawler - INFO - 请求福建API第20页...
2026-01-11 17:24:09,043 - FujianRecrawler - INFO - 福建API第20/34页，获取1000条记录
2026-01-11 17:24:09,044 - FujianRecrawler - INFO - 请求福建API第21页...
2026-01-11 17:24:10,491 - FujianRecrawler - INFO - 福建API第21/34页，获取1000条记录
2026-01-11 17:24:10,491 - FujianRecrawler - INFO - 请求福建API第22页...
2026-01-11 17:24:11,810 - FujianRecrawler - INFO - 福建API第22/34页，获取1000条记录
2026-01-11 17:24:11,811 - FujianRecrawler - INFO - 请求福建API第23页...
2026-01-11 17:24:13,050 - FujianRecrawler - INFO - 福建API第23/34页，获取1000条记录
2026-01-11 17:24:13,050 - FujianRecrawler - INFO - 请求福建API第24页...
2026-01-11 17:24:14,567 - FujianRecrawler - INFO - 福建API第24/34页，获取1000条记录
2026-01-11 17:24:14,568 - FujianRecrawler - INFO - 请求福建API第25页...
2026-01-11 17:24:15,919 - FujianRecrawler - INFO - 福建API第25/34页，获取1000条记录
2026-01-11 17:24:15,919 - FujianRecrawler - INFO - 请求福建API第26页...
2026-01-11 17:24:17,463 - FujianRecrawler - INFO - 福建API第26/34页，获取1000条记录
2026-01-11 17:24:17,464 - FujianRecrawler - INFO - 请求福建API第27页...
2026-01-11 17:24:19,302 - FujianRecrawler - INFO - 福建API第27/34页，获取1000条记录
2026-01-11 17:24:19,303 - FujianRecrawler - INFO - 请求福建API第28页...
2026-01-11 17:24:20,870 - FujianRecrawler - INFO - 福建API第28/34页，获取1000条记录
2026-01-11 17:24:20,870 - FujianRecrawler - INFO - 请求福建API第29页...
2026-01-11 17:24:22,484 - FujianRecrawler - INFO - 福建API第29/34页，获取1000条记录
2026-01-11 17:24:22,484 - FujianRecrawler - INFO - 请求福建API第30页...
2026-01-11 17:24:24,031 - FujianRecrawler - INFO - 福建API第30/34页，获取1000条记录
2026-01-11 17:24:24,032 - FujianRecrawler - INFO - 请求福建API第31页...
2026-01-11 17:24:25,595 - FujianRecrawler - INFO - 福建API第31/34页，获取1000条记录
2026-01-11 17:24:25,596 - FujianRecrawler - INFO - 请求福建API第32页...
2026-01-11 17:24:27,299 - FujianRecrawler - INFO - 福建API第32/34页，获取1000条记录
2026-01-11 17:24:27,299 - FujianRecrawler - INFO - 请求福建API第33页...
2026-01-11 17:24:28,801 - FujianRecrawler - INFO - 福建API第33/34页，获取1000条记录
2026-01-11 17:24:28,802 - FujianRecrawler - INFO - 请求福建API第34页...
2026-01-11 17:24:29,697 - FujianRecrawler - INFO - 福建API第34/34页，获取48条记录
2026-01-11 17:24:29,697 - FujianRecrawler - INFO - 成功从福建API获取33048个ext_code
2026-01-11 17:24:29,699 - FujianRecrawler - INFO - 共发现228个缺失的ext_code
2026-01-11 17:24:29,708 - check_all_spiders - INFO - 
=== 检查guangdong爬虫 ===
2026-01-11 17:24:29,708 - GuangdongRecrawler - INFO - 开始查找缺失数据...
2026-01-11 17:24:29,708 - GuangdongRecrawler - INFO - 从数据库获取drug_hospital_guangdong_test表中的现有drug_code...
2026-01-11 17:24:29,896 - GuangdongRecrawler - INFO - 成功获取38244个现有drug_code
2026-01-11 17:24:29,896 - GuangdongRecrawler - INFO - 开始从广东API获取所有drug_code...
2026-01-11 17:24:29,896 - GuangdongRecrawler - INFO - 请求广东API第1页...
2026-01-11 17:24:32,416 - GuangdongRecrawler - INFO - 广东API第1/80页，获取500条记录
2026-01-11 17:24:32,416 - GuangdongRecrawler - INFO - 请求广东API第2页...
2026-01-11 17:24:33,386 - GuangdongRecrawler - INFO - 广东API第2/80页，获取500条记录
2026-01-11 17:24:33,387 - GuangdongRecrawler - INFO - 请求广东API第3页...
2026-01-11 17:24:34,612 - GuangdongRecrawler - INFO - 广东API第3/80页，获取500条记录
2026-01-11 17:24:34,613 - GuangdongRecrawler - INFO - 请求广东API第4页...
2026-01-11 17:24:36,157 - GuangdongRecrawler - INFO - 广东API第4/80页，获取500条记录
2026-01-11 17:24:36,158 - GuangdongRecrawler - INFO - 请求广东API第5页...
2026-01-11 17:24:37,334 - GuangdongRecrawler - INFO - 广东API第5/80页，获取500条记录
2026-01-11 17:24:37,335 - GuangdongRecrawler - INFO - 请求广东API第6页...
2026-01-11 17:24:38,124 - GuangdongRecrawler - INFO - 广东API第6/80页，获取500条记录
2026-01-11 17:24:38,124 - GuangdongRecrawler - INFO - 请求广东API第7页...
2026-01-11 17:24:39,426 - GuangdongRecrawler - INFO - 广东API第7/80页，获取500条记录
2026-01-11 17:24:39,427 - GuangdongRecrawler - INFO - 请求广东API第8页...
2026-01-11 17:24:40,394 - GuangdongRecrawler - INFO - 广东API第8/80页，获取500条记录
2026-01-11 17:24:40,394 - GuangdongRecrawler - INFO - 请求广东API第9页...
2026-01-11 17:24:41,200 - GuangdongRecrawler - INFO - 广东API第9/80页，获取500条记录
2026-01-11 17:24:41,200 - GuangdongRecrawler - INFO - 请求广东API第10页...
2026-01-11 17:24:41,993 - GuangdongRecrawler - INFO - 广东API第10/80页，获取500条记录
2026-01-11 17:24:41,994 - GuangdongRecrawler - INFO - 请求广东API第11页...
2026-01-11 17:24:42,814 - GuangdongRecrawler - INFO - 广东API第11/80页，获取500条记录
2026-01-11 17:24:42,814 - GuangdongRecrawler - INFO - 请求广东API第12页...
2026-01-11 17:24:44,401 - GuangdongRecrawler - INFO - 广东API第12/80页，获取500条记录
2026-01-11 17:24:44,402 - GuangdongRecrawler - INFO - 请求广东API第13页...
2026-01-11 17:24:45,526 - GuangdongRecrawler - INFO - 广东API第13/80页，获取500条记录
2026-01-11 17:24:45,527 - GuangdongRecrawler - INFO - 请求广东API第14页...
2026-01-11 17:24:47,789 - GuangdongRecrawler - INFO - 广东API第14/80页，获取500条记录
2026-01-11 17:24:47,790 - GuangdongRecrawler - INFO - 请求广东API第15页...
2026-01-11 17:24:49,433 - GuangdongRecrawler - INFO - 广东API第15/80页，获取500条记录
2026-01-11 17:24:49,433 - GuangdongRecrawler - INFO - 请求广东API第16页...
2026-01-11 17:24:50,492 - GuangdongRecrawler - INFO - 广东API第16/80页，获取500条记录
2026-01-11 17:24:50,493 - GuangdongRecrawler - INFO - 请求广东API第17页...
2026-01-11 17:24:51,853 - GuangdongRecrawler - INFO - 广东API第17/80页，获取500条记录
2026-01-11 17:24:51,854 - GuangdongRecrawler - INFO - 请求广东API第18页...
2026-01-11 17:24:53,831 - GuangdongRecrawler - INFO - 广东API第18/80页，获取500条记录
2026-01-11 17:24:53,831 - GuangdongRecrawler - INFO - 请求广东API第19页...
2026-01-11 17:24:55,256 - GuangdongRecrawler - INFO - 广东API第19/80页，获取500条记录
2026-01-11 17:24:55,256 - GuangdongRecrawler - INFO - 请求广东API第20页...
2026-01-11 17:24:56,692 - GuangdongRecrawler - INFO - 广东API第20/80页，获取500条记录
2026-01-11 17:24:56,693 - GuangdongRecrawler - INFO - 请求广东API第21页...
