2025-12-16 17:32:12 [scrapy.utils.log] INFO: Scrapy 2.11.1 started (bot: hybrid_crawler)
2025-12-16 17:32:12 [scrapy.utils.log] INFO: Versions: lxml 5.2.1.0, libxml2 2.13.1, cssselect 1.2.0, parsel 1.8.1, w3lib 2.1.2, Twisted 23.10.0, Python 3.12.7 | packaged by Anaconda, Inc. | (main, Oct  4 2024, 08:22:19) [Clang 14.0.6 ], pyOpenSSL 25.1.0 (OpenSSL 3.0.16 11 Feb 2025), cryptography 43.0.0, Platform macOS-15.5-arm64-arm-64bit
2025-12-16 17:32:12 [scrapy.addons] INFO: Enabled addons:
[]
2025-12-16 17:32:12 [scrapy.extensions.telnet] INFO: Telnet Password: 0f8509c0ce66dcce
2025-12-16 17:32:12 [scrapy.middleware] INFO: Enabled extensions:
['scrapy.extensions.corestats.CoreStats',
 'scrapy.extensions.telnet.TelnetConsole',
 'scrapy.extensions.memusage.MemoryUsage',
 'scrapy.extensions.logstats.LogStats']
2025-12-16 17:32:12 [scrapy.crawler] INFO: Overridden settings:
{'BOT_NAME': 'hybrid_crawler',
 'CONCURRENT_REQUESTS': 2,
 'DOWNLOAD_DELAY': 1,
 'LOG_LEVEL': 'INFO',
 'NEWSPIDER_MODULE': 'hybrid_crawler.spiders',
 'SPIDER_MODULES': ['hybrid_crawler.spiders'],
 'TWISTED_REACTOR': 'twisted.internet.asyncioreactor.AsyncioSelectorReactor'}
2025-12-16 17:32:12 [scrapy.middleware] INFO: Enabled downloader middlewares:
['hybrid_crawler.middlewares.StrategyRoutingMiddleware',
 'scrapy.downloadermiddlewares.httpauth.HttpAuthMiddleware',
 'scrapy.downloadermiddlewares.downloadtimeout.DownloadTimeoutMiddleware',
 'scrapy.downloadermiddlewares.defaultheaders.DefaultHeadersMiddleware',
 'scrapy.downloadermiddlewares.useragent.UserAgentMiddleware',
 'hybrid_crawler.middlewares.SmartRetryMiddleware',
 'scrapy.downloadermiddlewares.redirect.MetaRefreshMiddleware',
 'scrapy.downloadermiddlewares.httpcompression.HttpCompressionMiddleware',
 'scrapy.downloadermiddlewares.redirect.RedirectMiddleware',
 'scrapy.downloadermiddlewares.cookies.CookiesMiddleware',
 'scrapy.downloadermiddlewares.httpproxy.HttpProxyMiddleware',
 'scrapy.downloadermiddlewares.stats.DownloaderStats']
2025-12-16 17:32:12 [scrapy.middleware] INFO: Enabled spider middlewares:
['scrapy.spidermiddlewares.httperror.HttpErrorMiddleware',
 'scrapy.spidermiddlewares.offsite.OffsiteMiddleware',
 'scrapy.spidermiddlewares.referer.RefererMiddleware',
 'scrapy.spidermiddlewares.urllength.UrlLengthMiddleware',
 'scrapy.spidermiddlewares.depth.DepthMiddleware']
2025-12-16 17:32:13 [scrapy.middleware] INFO: Enabled item pipelines:
['hybrid_crawler.pipelines.DataCleaningPipeline',
 'hybrid_crawler.pipelines.AsyncBatchWritePipeline']
2025-12-16 17:32:13 [scrapy.core.engine] INFO: Spider opened
2025-12-16 17:32:13 [scrapy.extensions.logstats] INFO: Crawled 0 pages (at 0 pages/min), scraped 0 items (at 0 items/min)
2025-12-16 17:32:13 [scrapy.extensions.telnet] INFO: Telnet console listening on 127.0.0.1:6029
2025-12-16 17:32:13 [scrapy-playwright] INFO: Starting download handler
2025-12-16 17:32:13 [scrapy-playwright] INFO: Starting download handler
2025-12-16 17:32:18 [shandong_drug_spider] INFO: 访问索引页面成功，状态码: 200
2025-12-16 17:32:19 [shandong_drug_spider] INFO: 验证码识别结果: 义2be
2025-12-16 17:32:21 [shandong_drug_spider] WARNING: 验证码错误，准备重试 (1/5): {"code":160003,"data":null,"detail":null,"fail":true,"message":"验证码错误，请重新输入！","msg":"验证码错误，请重新输入！","success":false,"type":null}
2025-12-16 17:32:22 [shandong_drug_spider] WARNING: 验证码错误，准备重试 (1/5): {"code":160003,"data":null,"detail":null,"fail":true,"message":"验证码错误，请重新输入！","msg":"验证码错误，请重新输入！","success":false,"type":null}
2025-12-16 17:32:22 [shandong_drug_spider] WARNING: 验证码错误，准备重试 (1/5): {"code":160003,"data":null,"detail":null,"fail":true,"message":"验证码错误，请重新输入！","msg":"验证码错误，请重新输入！","success":false,"type":null}
2025-12-16 17:32:24 [shandong_drug_spider] WARNING: 验证码错误，准备重试 (1/5): {"code":160003,"data":null,"detail":null,"fail":true,"message":"验证码错误，请重新输入！","msg":"验证码错误，请重新输入！","success":false,"type":null}
2025-12-16 17:32:25 [shandong_drug_spider] WARNING: 验证码错误，准备重试 (1/5): {"code":160003,"data":null,"detail":null,"fail":true,"message":"验证码错误，请重新输入！","msg":"验证码错误，请重新输入！","success":false,"type":null}
2025-12-16 17:32:26 [shandong_drug_spider] WARNING: 验证码错误，准备重试 (1/5): {"code":160003,"data":null,"detail":null,"fail":true,"message":"验证码错误，请重新输入！","msg":"验证码错误，请重新输入！","success":false,"type":null}
2025-12-16 17:32:26 [shandong_drug_spider] WARNING: 验证码错误，准备重试 (1/5): {"code":160003,"data":null,"detail":null,"fail":true,"message":"验证码错误，请重新输入！","msg":"验证码错误，请重新输入！","success":false,"type":null}
2025-12-16 17:32:28 [shandong_drug_spider] WARNING: 验证码错误，准备重试 (1/5): {"code":160003,"data":null,"detail":null,"fail":true,"message":"验证码错误，请重新输入！","msg":"验证码错误，请重新输入！","success":false,"type":null}
2025-12-16 17:32:29 [shandong_drug_spider] WARNING: 验证码错误，准备重试 (1/5): {"code":160003,"data":null,"detail":null,"fail":true,"message":"验证码错误，请重新输入！","msg":"验证码错误，请重新输入！","success":false,"type":null}
2025-12-16 17:32:30 [shandong_drug_spider] WARNING: 验证码错误，准备重试 (1/5): {"code":160003,"data":null,"detail":null,"fail":true,"message":"验证码错误，请重新输入！","msg":"验证码错误，请重新输入！","success":false,"type":null}
2025-12-16 17:32:31 [shandong_drug_spider] WARNING: 验证码错误，准备重试 (1/5): {"code":160003,"data":null,"detail":null,"fail":true,"message":"验证码错误，请重新输入！","msg":"验证码错误，请重新输入！","success":false,"type":null}
2025-12-16 17:32:31 [shandong_drug_spider] WARNING: 验证码错误，准备重试 (1/5): {"code":160003,"data":null,"detail":null,"fail":true,"message":"验证码错误，请重新输入！","msg":"验证码错误，请重新输入！","success":false,"type":null}
2025-12-16 17:32:33 [shandong_drug_spider] WARNING: 验证码错误，准备重试 (1/5): {"code":160003,"data":null,"detail":null,"fail":true,"message":"验证码错误，请重新输入！","msg":"验证码错误，请重新输入！","success":false,"type":null}
2025-12-16 17:32:34 [shandong_drug_spider] WARNING: 验证码错误，准备重试 (1/5): {"code":160003,"data":null,"detail":null,"fail":true,"message":"验证码错误，请重新输入！","msg":"验证码错误，请重新输入！","success":false,"type":null}
2025-12-16 17:32:34 [shandong_drug_spider] WARNING: 验证码错误，准备重试 (1/5): {"code":160003,"data":null,"detail":null,"fail":true,"message":"验证码错误，请重新输入！","msg":"验证码错误，请重新输入！","success":false,"type":null}
2025-12-16 17:32:36 [shandong_drug_spider] WARNING: 验证码错误，准备重试 (1/5): {"code":160003,"data":null,"detail":null,"fail":true,"message":"验证码错误，请重新输入！","msg":"验证码错误，请重新输入！","success":false,"type":null}
2025-12-16 17:32:36 [shandong_drug_spider] WARNING: 验证码错误，准备重试 (1/5): {"code":160003,"data":null,"detail":null,"fail":true,"message":"验证码错误，请重新输入！","msg":"验证码错误，请重新输入！","success":false,"type":null}
2025-12-16 17:32:38 [shandong_drug_spider] WARNING: 验证码错误，准备重试 (1/5): {"code":160003,"data":null,"detail":null,"fail":true,"message":"验证码错误，请重新输入！","msg":"验证码错误，请重新输入！","success":false,"type":null}
2025-12-16 17:32:39 [shandong_drug_spider] WARNING: 验证码错误，准备重试 (1/5): {"code":160003,"data":null,"detail":null,"fail":true,"message":"验证码错误，请重新输入！","msg":"验证码错误，请重新输入！","success":false,"type":null}
2025-12-16 17:32:40 [shandong_drug_spider] WARNING: 验证码错误，准备重试 (1/5): {"code":160003,"data":null,"detail":null,"fail":true,"message":"验证码错误，请重新输入！","msg":"验证码错误，请重新输入！","success":false,"type":null}
2025-12-16 17:32:41 [shandong_drug_spider] WARNING: 验证码错误，准备重试 (1/5): {"code":160003,"data":null,"detail":null,"fail":true,"message":"验证码错误，请重新输入！","msg":"验证码错误，请重新输入！","success":false,"type":null}
2025-12-16 17:32:43 [shandong_drug_spider] WARNING: 验证码错误，准备重试 (1/5): {"code":160003,"data":null,"detail":null,"fail":true,"message":"验证码错误，请重新输入！","msg":"验证码错误，请重新输入！","success":false,"type":null}
2025-12-16 17:32:44 [shandong_drug_spider] WARNING: 验证码错误，准备重试 (1/5): {"code":160003,"data":null,"detail":null,"fail":true,"message":"验证码错误，请重新输入！","msg":"验证码错误，请重新输入！","success":false,"type":null}
2025-12-16 17:32:45 [shandong_drug_spider] WARNING: 验证码错误，准备重试 (1/5): {"code":160003,"data":null,"detail":null,"fail":true,"message":"验证码错误，请重新输入！","msg":"验证码错误，请重新输入！","success":false,"type":null}
2025-12-16 17:32:46 [shandong_drug_spider] WARNING: 验证码错误，准备重试 (1/5): {"code":160003,"data":null,"detail":null,"fail":true,"message":"验证码错误，请重新输入！","msg":"验证码错误，请重新输入！","success":false,"type":null}
2025-12-16 17:32:48 [shandong_drug_spider] WARNING: 验证码错误，准备重试 (1/5): {"code":160003,"data":null,"detail":null,"fail":true,"message":"验证码错误，请重新输入！","msg":"验证码错误，请重新输入！","success":false,"type":null}
2025-12-16 17:32:49 [shandong_drug_spider] WARNING: 验证码错误，准备重试 (1/5): {"code":160003,"data":null,"detail":null,"fail":true,"message":"验证码错误，请重新输入！","msg":"验证码错误，请重新输入！","success":false,"type":null}
2025-12-16 17:32:50 [shandong_drug_spider] WARNING: 验证码错误，准备重试 (1/5): {"code":160003,"data":null,"detail":null,"fail":true,"message":"验证码错误，请重新输入！","msg":"验证码错误，请重新输入！","success":false,"type":null}
2025-12-16 17:32:51 [shandong_drug_spider] WARNING: 验证码错误，准备重试 (1/5): {"code":160003,"data":null,"detail":null,"fail":true,"message":"验证码错误，请重新输入！","msg":"验证码错误，请重新输入！","success":false,"type":null}
2025-12-16 17:32:52 [shandong_drug_spider] WARNING: 验证码错误，准备重试 (1/5): {"code":160003,"data":null,"detail":null,"fail":true,"message":"验证码错误，请重新输入！","msg":"验证码错误，请重新输入！","success":false,"type":null}
2025-12-16 17:32:53 [shandong_drug_spider] WARNING: 验证码错误，准备重试 (1/5): {"code":160003,"data":null,"detail":null,"fail":true,"message":"验证码错误，请重新输入！","msg":"验证码错误，请重新输入！","success":false,"type":null}
2025-12-16 17:32:54 [shandong_drug_spider] WARNING: 验证码错误，准备重试 (1/5): {"code":160003,"data":null,"detail":null,"fail":true,"message":"验证码错误，请重新输入！","msg":"验证码错误，请重新输入！","success":false,"type":null}
2025-12-16 17:32:56 [shandong_drug_spider] WARNING: 验证码错误，准备重试 (1/5): {"code":160003,"data":null,"detail":null,"fail":true,"message":"验证码错误，请重新输入！","msg":"验证码错误，请重新输入！","success":false,"type":null}
2025-12-16 17:32:57 [shandong_drug_spider] WARNING: 验证码错误，准备重试 (1/5): {"code":160003,"data":null,"detail":null,"fail":true,"message":"验证码错误，请重新输入！","msg":"验证码错误，请重新输入！","success":false,"type":null}
2025-12-16 17:32:58 [shandong_drug_spider] WARNING: 验证码错误，准备重试 (1/5): {"code":160003,"data":null,"detail":null,"fail":true,"message":"验证码错误，请重新输入！","msg":"验证码错误，请重新输入！","success":false,"type":null}
2025-12-16 17:32:59 [shandong_drug_spider] WARNING: 验证码错误，准备重试 (1/5): {"code":160003,"data":null,"detail":null,"fail":true,"message":"验证码错误，请重新输入！","msg":"验证码错误，请重新输入！","success":false,"type":null}
2025-12-16 17:32:59 [scrapy.crawler] INFO: Received SIGTERM, shutting down gracefully. Send again to force 
2025-12-16 17:32:59 [scrapy.core.engine] INFO: Closing spider (shutdown)
2025-12-16 17:33:01 [shandong_drug_spider] WARNING: 验证码错误，准备重试 (1/5): {"code":160003,"data":null,"detail":null,"fail":true,"message":"验证码错误，请重新输入！","msg":"验证码错误，请重新输入！","success":false,"type":null}
2025-12-16 17:33:01 [shandong_drug_spider] WARNING: 验证码错误，准备重试 (1/5): {"code":160003,"data":null,"detail":null,"fail":true,"message":"验证码错误，请重新输入！","msg":"验证码错误，请重新输入！","success":false,"type":null}
2025-12-16 17:33:01 [scrapy.statscollectors] INFO: Dumping Scrapy stats:
{'downloader/request_bytes': 36758,
 'downloader/request_count': 40,
 'downloader/request_method_count/GET': 2,
 'downloader/request_method_count/POST': 38,
 'downloader/response_bytes': 39898,
 'downloader/response_count': 40,
 'downloader/response_status_count/200': 40,
 'elapsed_time_seconds': 48.78362,
 'finish_reason': 'shutdown',
 'finish_time': datetime.datetime(2025, 12, 16, 9, 33, 1, 854442, tzinfo=datetime.timezone.utc),
 'httpcompression/response_bytes': 23464,
 'httpcompression/response_count': 2,
 'log_count/INFO': 15,
 'log_count/WARNING': 38,
 'memusage/max': 218808320,
 'memusage/startup': 218808320,
 'request_depth_max': 2,
 'response_received_count': 40,
 'scheduler/dequeued': 40,
 'scheduler/dequeued/memory': 40,
 'scheduler/enqueued': 148,
 'scheduler/enqueued/memory': 148,
 'start_time': datetime.datetime(2025, 12, 16, 9, 32, 13, 70822, tzinfo=datetime.timezone.utc)}
2025-12-16 17:33:01 [scrapy.core.engine] INFO: Spider closed (shutdown)
2025-12-16 17:33:01 [scrapy-playwright] INFO: Closing download handler
2025-12-16 17:33:01 [scrapy-playwright] INFO: Closing download handler
>>> 正在启动混合爬虫系统...
>>> 正在运行所有爬虫
